[INFO ] 2019-06-14 15:17:45 [restartedMain:2920:com.unifs.behavioranalysis.BehaviorAnalysisApplication:50] - Starting BehaviorAnalysisApplication on sunshine with PID 202960 (D:\Workspaces\IdeaProject\behavioranalysis\target\classes started by qingtian in D:\Workspaces\IdeaProject\behavioranalysis)
[INFO ] 2019-06-14 15:17:45 [restartedMain:2938:com.unifs.behavioranalysis.BehaviorAnalysisApplication:679] - The following profiles are active: dev
[INFO ] 2019-06-14 15:17:46 [restartedMain:3954:org.springframework.boot.devtools.env.DevToolsPropertyDefaultsPostProcessor:227] - Devtools property defaults active! Set 'spring.devtools.add-properties' to 'false' to disable
[INFO ] 2019-06-14 15:17:46 [restartedMain:3955:org.springframework.boot.devtools.env.DevToolsPropertyDefaultsPostProcessor:227] - For additional web related logging consider setting the 'logging.level.web' property to 'DEBUG'
[INFO ] 2019-06-14 15:17:51 [restartedMain:8592:com.ulisesbocchio.jasyptspringboot.configuration.EnableEncryptablePropertiesBeanFactoryPostProcessor:50] - Post-processing PropertySource instances
[INFO ] 2019-06-14 15:17:51 [restartedMain:8801:com.ulisesbocchio.jasyptspringboot.EncryptablePropertySourceConverter:38] - Converting PropertySource configurationProperties [org.springframework.boot.context.properties.source.ConfigurationPropertySourcesPropertySource] to AOP Proxy
[INFO ] 2019-06-14 15:17:51 [restartedMain:8806:com.ulisesbocchio.jasyptspringboot.EncryptablePropertySourceConverter:38] - Converting PropertySource servletConfigInitParams [org.springframework.core.env.PropertySource$StubPropertySource] to EncryptablePropertySourceWrapper
[INFO ] 2019-06-14 15:17:51 [restartedMain:8807:com.ulisesbocchio.jasyptspringboot.EncryptablePropertySourceConverter:38] - Converting PropertySource servletContextInitParams [org.springframework.core.env.PropertySource$StubPropertySource] to EncryptablePropertySourceWrapper
[INFO ] 2019-06-14 15:17:51 [restartedMain:8808:com.ulisesbocchio.jasyptspringboot.EncryptablePropertySourceConverter:38] - Converting PropertySource systemProperties [org.springframework.core.env.MapPropertySource] to EncryptableMapPropertySourceWrapper
[INFO ] 2019-06-14 15:17:51 [restartedMain:8809:com.ulisesbocchio.jasyptspringboot.EncryptablePropertySourceConverter:38] - Converting PropertySource systemEnvironment [org.springframework.boot.env.SystemEnvironmentPropertySourceEnvironmentPostProcessor$OriginAwareSystemEnvironmentPropertySource] to EncryptableMapPropertySourceWrapper
[INFO ] 2019-06-14 15:17:51 [restartedMain:8810:com.ulisesbocchio.jasyptspringboot.EncryptablePropertySourceConverter:38] - Converting PropertySource random [org.springframework.boot.env.RandomValuePropertySource] to EncryptablePropertySourceWrapper
[INFO ] 2019-06-14 15:17:51 [restartedMain:8810:com.ulisesbocchio.jasyptspringboot.EncryptablePropertySourceConverter:38] - Converting PropertySource applicationConfig: [classpath:/application-dev.properties] [org.springframework.boot.env.OriginTrackedMapPropertySource] to EncryptableMapPropertySourceWrapper
[INFO ] 2019-06-14 15:17:51 [restartedMain:8811:com.ulisesbocchio.jasyptspringboot.EncryptablePropertySourceConverter:38] - Converting PropertySource applicationConfig: [classpath:/application.properties] [org.springframework.boot.env.OriginTrackedMapPropertySource] to EncryptableMapPropertySourceWrapper
[INFO ] 2019-06-14 15:17:51 [restartedMain:8811:com.ulisesbocchio.jasyptspringboot.EncryptablePropertySourceConverter:38] - Converting PropertySource devtools [org.springframework.core.env.MapPropertySource] to EncryptableMapPropertySourceWrapper
[INFO ] 2019-06-14 15:17:51 [restartedMain:8890:com.ulisesbocchio.jasyptspringboot.filter.DefaultLazyPropertyFilter:31] - Property Filter custom Bean not found with name 'encryptablePropertyFilter'. Initializing Default Property Filter
[INFO ] 2019-06-14 15:17:52 [restartedMain:9136:org.springframework.context.support.PostProcessorRegistrationDelegate$BeanPostProcessorChecker:330] - Bean 'org.springframework.transaction.annotation.ProxyTransactionManagementConfiguration' of type [org.springframework.transaction.annotation.ProxyTransactionManagementConfiguration$$EnhancerBySpringCGLIB$$3cf261bf] is not eligible for getting processed by all BeanPostProcessors (for example: not eligible for auto-proxying)
[INFO ] 2019-06-14 15:17:52 [restartedMain:9513:org.springframework.context.support.PostProcessorRegistrationDelegate$BeanPostProcessorChecker:330] - Bean 'org.springframework.hateoas.config.HateoasConfiguration' of type [org.springframework.hateoas.config.HateoasConfiguration$$EnhancerBySpringCGLIB$$bc72aef1] is not eligible for getting processed by all BeanPostProcessors (for example: not eligible for auto-proxying)
[INFO ] 2019-06-14 15:17:52 [restartedMain:9730:com.ulisesbocchio.jasyptspringboot.resolver.DefaultLazyPropertyResolver:31] - Property Resolver custom Bean not found with name 'encryptablePropertyResolver'. Initializing Default Property Resolver
[INFO ] 2019-06-14 15:17:52 [restartedMain:9736:com.ulisesbocchio.jasyptspringboot.detector.DefaultLazyPropertyDetector:30] - Property Detector custom Bean not found with name 'encryptablePropertyDetector'. Initializing Default Property Detector
[INFO ] 2019-06-14 15:17:53 [restartedMain:10919:org.springframework.boot.web.embedded.tomcat.TomcatWebServer:90] - Tomcat initialized with port(s): 8080 (http)
[INFO ] 2019-06-14 15:17:53 [restartedMain:10962:org.apache.coyote.http11.Http11NioProtocol:173] - Initializing ProtocolHandler ["http-nio-127.0.0.1-8080"]
[INFO ] 2019-06-14 15:17:53 [restartedMain:10984:org.apache.catalina.core.StandardService:173] - Starting service [Tomcat]
[INFO ] 2019-06-14 15:17:53 [restartedMain:10985:org.apache.catalina.core.StandardEngine:173] - Starting Servlet engine: [Apache Tomcat/9.0.17]
[INFO ] 2019-06-14 15:17:54 [restartedMain:11548:org.apache.catalina.core.ContainerBase.[Tomcat].[localhost].[/behavioranalysis]:173] - Initializing Spring embedded WebApplicationContext
[INFO ] 2019-06-14 15:17:54 [restartedMain:11549:org.springframework.web.context.ContextLoader:296] - Root WebApplicationContext: initialization completed in 7593 ms
[INFO ] 2019-06-14 15:17:54 [restartedMain:11878:com.ulisesbocchio.jasyptspringboot.encryptor.DefaultLazyEncryptor:32] - String Encryptor custom Bean not found with name 'jasyptStringEncryptor'. Initializing Default String Encryptor
[INFO ] 2019-06-14 15:17:54 [restartedMain:11900:com.ulisesbocchio.jasyptspringboot.encryptor.DefaultLazyEncryptor:58] - Encryptor config not found for property jasypt.encryptor.algorithm, using default value: PBEWithMD5AndDES
[INFO ] 2019-06-14 15:17:54 [restartedMain:11901:com.ulisesbocchio.jasyptspringboot.encryptor.DefaultLazyEncryptor:58] - Encryptor config not found for property jasypt.encryptor.keyObtentionIterations, using default value: 1000
[INFO ] 2019-06-14 15:17:54 [restartedMain:11901:com.ulisesbocchio.jasyptspringboot.encryptor.DefaultLazyEncryptor:58] - Encryptor config not found for property jasypt.encryptor.poolSize, using default value: 1
[INFO ] 2019-06-14 15:17:54 [restartedMain:11902:com.ulisesbocchio.jasyptspringboot.encryptor.DefaultLazyEncryptor:58] - Encryptor config not found for property jasypt.encryptor.providerName, using default value: null
[INFO ] 2019-06-14 15:17:54 [restartedMain:11902:com.ulisesbocchio.jasyptspringboot.encryptor.DefaultLazyEncryptor:58] - Encryptor config not found for property jasypt.encryptor.providerClassName, using default value: null
[INFO ] 2019-06-14 15:17:54 [restartedMain:11903:com.ulisesbocchio.jasyptspringboot.encryptor.DefaultLazyEncryptor:58] - Encryptor config not found for property jasypt.encryptor.saltGeneratorClassname, using default value: org.jasypt.salt.RandomSaltGenerator
[INFO ] 2019-06-14 15:17:54 [restartedMain:11905:com.ulisesbocchio.jasyptspringboot.encryptor.DefaultLazyEncryptor:58] - Encryptor config not found for property jasypt.encryptor.stringOutputType, using default value: base64
[INFO ] 2019-06-14 15:17:55 [restartedMain:12697:org.apache.catalina.core.StandardService:173] - Stopping service [Tomcat]
[INFO ] 2019-06-14 15:17:55 [restartedMain:12809:org.springframework.boot.autoconfigure.logging.ConditionEvaluationReportLoggingListener:142] - 

Error starting ApplicationContext. To display the conditions report re-run your application with 'debug' enabled.
