[INFO ] 2019-06-17 11:21:18 [main:3072:com.unifs.behavioranalysis.BehaviorAnalysisApplicationTests:50] - Starting BehaviorAnalysisApplicationTests on sunshine with PID 41324 (started by qingtian in D:\Workspaces\IdeaProject\behavioranalysis)
[INFO ] 2019-06-17 11:21:18 [main:3075:com.unifs.behavioranalysis.BehaviorAnalysisApplicationTests:679] - The following profiles are active: dev
[INFO ] 2019-06-17 11:21:21 [main:5349:com.ulisesbocchio.jasyptspringboot.configuration.EnableEncryptablePropertiesBeanFactoryPostProcessor:50] - Post-processing PropertySource instances
[INFO ] 2019-06-17 11:21:21 [main:5554:com.ulisesbocchio.jasyptspringboot.EncryptablePropertySourceConverter:38] - Converting PropertySource configurationProperties [org.springframework.boot.context.properties.source.ConfigurationPropertySourcesPropertySource] to AOP Proxy
[INFO ] 2019-06-17 11:21:21 [main:5559:com.ulisesbocchio.jasyptspringboot.EncryptablePropertySourceConverter:38] - Converting PropertySource Inlined Test Properties [org.springframework.core.env.MapPropertySource] to EncryptableMapPropertySourceWrapper
[INFO ] 2019-06-17 11:21:21 [main:5559:com.ulisesbocchio.jasyptspringboot.EncryptablePropertySourceConverter:38] - Converting PropertySource systemProperties [org.springframework.core.env.MapPropertySource] to EncryptableMapPropertySourceWrapper
[INFO ] 2019-06-17 11:21:21 [main:5560:com.ulisesbocchio.jasyptspringboot.EncryptablePropertySourceConverter:38] - Converting PropertySource systemEnvironment [org.springframework.boot.env.SystemEnvironmentPropertySourceEnvironmentPostProcessor$OriginAwareSystemEnvironmentPropertySource] to EncryptableMapPropertySourceWrapper
[INFO ] 2019-06-17 11:21:21 [main:5561:com.ulisesbocchio.jasyptspringboot.EncryptablePropertySourceConverter:38] - Converting PropertySource random [org.springframework.boot.env.RandomValuePropertySource] to EncryptablePropertySourceWrapper
[INFO ] 2019-06-17 11:21:21 [main:5562:com.ulisesbocchio.jasyptspringboot.EncryptablePropertySourceConverter:38] - Converting PropertySource applicationConfig: [classpath:/application-dev.properties] [org.springframework.boot.env.OriginTrackedMapPropertySource] to EncryptableMapPropertySourceWrapper
[INFO ] 2019-06-17 11:21:21 [main:5562:com.ulisesbocchio.jasyptspringboot.EncryptablePropertySourceConverter:38] - Converting PropertySource applicationConfig: [classpath:/application.properties] [org.springframework.boot.env.OriginTrackedMapPropertySource] to EncryptableMapPropertySourceWrapper
[INFO ] 2019-06-17 11:21:21 [main:5629:com.ulisesbocchio.jasyptspringboot.filter.DefaultLazyPropertyFilter:31] - Property Filter custom Bean not found with name 'encryptablePropertyFilter'. Initializing Default Property Filter
[INFO ] 2019-06-17 11:21:21 [main:5896:org.springframework.context.support.PostProcessorRegistrationDelegate$BeanPostProcessorChecker:330] - Bean 'org.springframework.transaction.annotation.ProxyTransactionManagementConfiguration' of type [org.springframework.transaction.annotation.ProxyTransactionManagementConfiguration$$EnhancerBySpringCGLIB$$9c1f0b7c] is not eligible for getting processed by all BeanPostProcessors (for example: not eligible for auto-proxying)
[INFO ] 2019-06-17 11:21:21 [main:6240:org.springframework.context.support.PostProcessorRegistrationDelegate$BeanPostProcessorChecker:330] - Bean 'org.springframework.hateoas.config.HateoasConfiguration' of type [org.springframework.hateoas.config.HateoasConfiguration$$EnhancerBySpringCGLIB$$1b9f58ae] is not eligible for getting processed by all BeanPostProcessors (for example: not eligible for auto-proxying)
[INFO ] 2019-06-17 11:21:22 [main:6745:com.ulisesbocchio.jasyptspringboot.resolver.DefaultLazyPropertyResolver:31] - Property Resolver custom Bean not found with name 'encryptablePropertyResolver'. Initializing Default Property Resolver
[INFO ] 2019-06-17 11:21:22 [main:6750:com.ulisesbocchio.jasyptspringboot.detector.DefaultLazyPropertyDetector:30] - Property Detector custom Bean not found with name 'encryptablePropertyDetector'. Initializing Default Property Detector
[INFO ] 2019-06-17 11:21:22 [main:6776:com.ulisesbocchio.jasyptspringboot.encryptor.DefaultLazyEncryptor:32] - String Encryptor custom Bean not found with name 'jasyptStringEncryptor'. Initializing Default String Encryptor
[INFO ] 2019-06-17 11:21:22 [main:6807:com.ulisesbocchio.jasyptspringboot.encryptor.DefaultLazyEncryptor:58] - Encryptor config not found for property jasypt.encryptor.algorithm, using default value: PBEWithMD5AndDES
[INFO ] 2019-06-17 11:21:22 [main:6807:com.ulisesbocchio.jasyptspringboot.encryptor.DefaultLazyEncryptor:58] - Encryptor config not found for property jasypt.encryptor.keyObtentionIterations, using default value: 1000
[INFO ] 2019-06-17 11:21:22 [main:6808:com.ulisesbocchio.jasyptspringboot.encryptor.DefaultLazyEncryptor:58] - Encryptor config not found for property jasypt.encryptor.poolSize, using default value: 1
[INFO ] 2019-06-17 11:21:22 [main:6808:com.ulisesbocchio.jasyptspringboot.encryptor.DefaultLazyEncryptor:58] - Encryptor config not found for property jasypt.encryptor.providerName, using default value: null
[INFO ] 2019-06-17 11:21:22 [main:6809:com.ulisesbocchio.jasyptspringboot.encryptor.DefaultLazyEncryptor:58] - Encryptor config not found for property jasypt.encryptor.providerClassName, using default value: null
[INFO ] 2019-06-17 11:21:22 [main:6809:com.ulisesbocchio.jasyptspringboot.encryptor.DefaultLazyEncryptor:58] - Encryptor config not found for property jasypt.encryptor.saltGeneratorClassname, using default value: org.jasypt.salt.RandomSaltGenerator
[INFO ] 2019-06-17 11:21:22 [main:6823:com.ulisesbocchio.jasyptspringboot.encryptor.DefaultLazyEncryptor:58] - Encryptor config not found for property jasypt.encryptor.stringOutputType, using default value: base64
[INFO ] 2019-06-17 11:21:23 [main:7701:org.springframework.boot.autoconfigure.logging.ConditionEvaluationReportLoggingListener:142] - 

Error starting ApplicationContext. To display the conditions report re-run your application with 'debug' enabled.
[INFO ] 2019-06-17 11:41:04 [main:2705:com.unifs.behavioranalysis.BehaviorAnalysisApplicationTests:50] - Starting BehaviorAnalysisApplicationTests on sunshine with PID 42720 (started by qingtian in D:\Workspaces\IdeaProject\behavioranalysis)
[INFO ] 2019-06-17 11:41:04 [main:2710:com.unifs.behavioranalysis.BehaviorAnalysisApplicationTests:679] - The following profiles are active: dev
[INFO ] 2019-06-17 11:41:07 [main:6079:com.ulisesbocchio.jasyptspringboot.configuration.EnableEncryptablePropertiesBeanFactoryPostProcessor:50] - Post-processing PropertySource instances
[INFO ] 2019-06-17 11:41:07 [main:6505:com.ulisesbocchio.jasyptspringboot.EncryptablePropertySourceConverter:38] - Converting PropertySource configurationProperties [org.springframework.boot.context.properties.source.ConfigurationPropertySourcesPropertySource] to AOP Proxy
[INFO ] 2019-06-17 11:41:07 [main:6510:com.ulisesbocchio.jasyptspringboot.EncryptablePropertySourceConverter:38] - Converting PropertySource Inlined Test Properties [org.springframework.core.env.MapPropertySource] to EncryptableMapPropertySourceWrapper
[INFO ] 2019-06-17 11:41:07 [main:6511:com.ulisesbocchio.jasyptspringboot.EncryptablePropertySourceConverter:38] - Converting PropertySource systemProperties [org.springframework.core.env.MapPropertySource] to EncryptableMapPropertySourceWrapper
[INFO ] 2019-06-17 11:41:07 [main:6512:com.ulisesbocchio.jasyptspringboot.EncryptablePropertySourceConverter:38] - Converting PropertySource systemEnvironment [org.springframework.boot.env.SystemEnvironmentPropertySourceEnvironmentPostProcessor$OriginAwareSystemEnvironmentPropertySource] to EncryptableMapPropertySourceWrapper
[INFO ] 2019-06-17 11:41:07 [main:6513:com.ulisesbocchio.jasyptspringboot.EncryptablePropertySourceConverter:38] - Converting PropertySource random [org.springframework.boot.env.RandomValuePropertySource] to EncryptablePropertySourceWrapper
[INFO ] 2019-06-17 11:41:07 [main:6514:com.ulisesbocchio.jasyptspringboot.EncryptablePropertySourceConverter:38] - Converting PropertySource applicationConfig: [classpath:/application-dev.properties] [org.springframework.boot.env.OriginTrackedMapPropertySource] to EncryptableMapPropertySourceWrapper
[INFO ] 2019-06-17 11:41:07 [main:6515:com.ulisesbocchio.jasyptspringboot.EncryptablePropertySourceConverter:38] - Converting PropertySource applicationConfig: [classpath:/application.properties] [org.springframework.boot.env.OriginTrackedMapPropertySource] to EncryptableMapPropertySourceWrapper
[INFO ] 2019-06-17 11:41:07 [main:6660:com.ulisesbocchio.jasyptspringboot.filter.DefaultLazyPropertyFilter:31] - Property Filter custom Bean not found with name 'encryptablePropertyFilter'. Initializing Default Property Filter
[INFO ] 2019-06-17 11:41:08 [main:7024:org.springframework.context.support.PostProcessorRegistrationDelegate$BeanPostProcessorChecker:330] - Bean 'org.springframework.transaction.annotation.ProxyTransactionManagementConfiguration' of type [org.springframework.transaction.annotation.ProxyTransactionManagementConfiguration$$EnhancerBySpringCGLIB$$7fa47cf7] is not eligible for getting processed by all BeanPostProcessors (for example: not eligible for auto-proxying)
[INFO ] 2019-06-17 11:41:08 [main:7557:org.springframework.context.support.PostProcessorRegistrationDelegate$BeanPostProcessorChecker:330] - Bean 'org.springframework.hateoas.config.HateoasConfiguration' of type [org.springframework.hateoas.config.HateoasConfiguration$$EnhancerBySpringCGLIB$$ff24ca29] is not eligible for getting processed by all BeanPostProcessors (for example: not eligible for auto-proxying)
[INFO ] 2019-06-17 11:41:09 [main:8198:com.ulisesbocchio.jasyptspringboot.resolver.DefaultLazyPropertyResolver:31] - Property Resolver custom Bean not found with name 'encryptablePropertyResolver'. Initializing Default Property Resolver
[INFO ] 2019-06-17 11:41:09 [main:8204:com.ulisesbocchio.jasyptspringboot.detector.DefaultLazyPropertyDetector:30] - Property Detector custom Bean not found with name 'encryptablePropertyDetector'. Initializing Default Property Detector
[INFO ] 2019-06-17 11:41:09 [main:8243:com.ulisesbocchio.jasyptspringboot.encryptor.DefaultLazyEncryptor:32] - String Encryptor custom Bean not found with name 'jasyptStringEncryptor'. Initializing Default String Encryptor
[INFO ] 2019-06-17 11:41:09 [main:8276:com.ulisesbocchio.jasyptspringboot.encryptor.DefaultLazyEncryptor:58] - Encryptor config not found for property jasypt.encryptor.algorithm, using default value: PBEWithMD5AndDES
[INFO ] 2019-06-17 11:41:09 [main:8278:com.ulisesbocchio.jasyptspringboot.encryptor.DefaultLazyEncryptor:58] - Encryptor config not found for property jasypt.encryptor.keyObtentionIterations, using default value: 1000
[INFO ] 2019-06-17 11:41:09 [main:8278:com.ulisesbocchio.jasyptspringboot.encryptor.DefaultLazyEncryptor:58] - Encryptor config not found for property jasypt.encryptor.poolSize, using default value: 1
[INFO ] 2019-06-17 11:41:09 [main:8279:com.ulisesbocchio.jasyptspringboot.encryptor.DefaultLazyEncryptor:58] - Encryptor config not found for property jasypt.encryptor.providerName, using default value: null
[INFO ] 2019-06-17 11:41:09 [main:8280:com.ulisesbocchio.jasyptspringboot.encryptor.DefaultLazyEncryptor:58] - Encryptor config not found for property jasypt.encryptor.providerClassName, using default value: null
[INFO ] 2019-06-17 11:41:09 [main:8281:com.ulisesbocchio.jasyptspringboot.encryptor.DefaultLazyEncryptor:58] - Encryptor config not found for property jasypt.encryptor.saltGeneratorClassname, using default value: org.jasypt.salt.RandomSaltGenerator
[INFO ] 2019-06-17 11:41:09 [main:8305:com.ulisesbocchio.jasyptspringboot.encryptor.DefaultLazyEncryptor:58] - Encryptor config not found for property jasypt.encryptor.stringOutputType, using default value: base64
[INFO ] 2019-06-17 11:41:13 [main:12230:org.springframework.scheduling.concurrent.ThreadPoolTaskExecutor:171] - Initializing ExecutorService 'applicationTaskExecutor'
[INFO ] 2019-06-17 11:41:15 [main:14054:com.unifs.behavioranalysis.BehaviorAnalysisApplicationTests:59] - Started BehaviorAnalysisApplicationTests in 12.586 seconds (JVM running for 16.66)
[INFO ] 2019-06-17 11:46:55 [restartedMain:1483:com.unifs.behavioranalysis.BehaviorAnalysisApplication:50] - Starting BehaviorAnalysisApplication on sunshine with PID 29900 (D:\Workspaces\IdeaProject\behavioranalysis\target\classes started by qingtian in D:\Workspaces\IdeaProject\behavioranalysis)
[INFO ] 2019-06-17 11:46:55 [restartedMain:1490:com.unifs.behavioranalysis.BehaviorAnalysisApplication:679] - The following profiles are active: dev
[INFO ] 2019-06-17 11:46:55 [restartedMain:1710:org.springframework.boot.devtools.env.DevToolsPropertyDefaultsPostProcessor:227] - Devtools property defaults active! Set 'spring.devtools.add-properties' to 'false' to disable
[INFO ] 2019-06-17 11:46:55 [restartedMain:1711:org.springframework.boot.devtools.env.DevToolsPropertyDefaultsPostProcessor:227] - For additional web related logging consider setting the 'logging.level.web' property to 'DEBUG'
[INFO ] 2019-06-17 11:46:57 [restartedMain:3384:com.ulisesbocchio.jasyptspringboot.configuration.EnableEncryptablePropertiesBeanFactoryPostProcessor:50] - Post-processing PropertySource instances
[INFO ] 2019-06-17 11:46:57 [restartedMain:3479:com.ulisesbocchio.jasyptspringboot.EncryptablePropertySourceConverter:38] - Converting PropertySource configurationProperties [org.springframework.boot.context.properties.source.ConfigurationPropertySourcesPropertySource] to AOP Proxy
[INFO ] 2019-06-17 11:46:57 [restartedMain:3481:com.ulisesbocchio.jasyptspringboot.EncryptablePropertySourceConverter:38] - Converting PropertySource servletConfigInitParams [org.springframework.core.env.PropertySource$StubPropertySource] to EncryptablePropertySourceWrapper
[INFO ] 2019-06-17 11:46:57 [restartedMain:3481:com.ulisesbocchio.jasyptspringboot.EncryptablePropertySourceConverter:38] - Converting PropertySource servletContextInitParams [org.springframework.core.env.PropertySource$StubPropertySource] to EncryptablePropertySourceWrapper
[INFO ] 2019-06-17 11:46:57 [restartedMain:3482:com.ulisesbocchio.jasyptspringboot.EncryptablePropertySourceConverter:38] - Converting PropertySource systemProperties [org.springframework.core.env.MapPropertySource] to EncryptableMapPropertySourceWrapper
[INFO ] 2019-06-17 11:46:57 [restartedMain:3483:com.ulisesbocchio.jasyptspringboot.EncryptablePropertySourceConverter:38] - Converting PropertySource systemEnvironment [org.springframework.boot.env.SystemEnvironmentPropertySourceEnvironmentPostProcessor$OriginAwareSystemEnvironmentPropertySource] to EncryptableMapPropertySourceWrapper
[INFO ] 2019-06-17 11:46:57 [restartedMain:3483:com.ulisesbocchio.jasyptspringboot.EncryptablePropertySourceConverter:38] - Converting PropertySource random [org.springframework.boot.env.RandomValuePropertySource] to EncryptablePropertySourceWrapper
[INFO ] 2019-06-17 11:46:57 [restartedMain:3483:com.ulisesbocchio.jasyptspringboot.EncryptablePropertySourceConverter:38] - Converting PropertySource applicationConfig: [classpath:/application-dev.properties] [org.springframework.boot.env.OriginTrackedMapPropertySource] to EncryptableMapPropertySourceWrapper
[INFO ] 2019-06-17 11:46:57 [restartedMain:3483:com.ulisesbocchio.jasyptspringboot.EncryptablePropertySourceConverter:38] - Converting PropertySource applicationConfig: [classpath:/application.properties] [org.springframework.boot.env.OriginTrackedMapPropertySource] to EncryptableMapPropertySourceWrapper
[INFO ] 2019-06-17 11:46:57 [restartedMain:3484:com.ulisesbocchio.jasyptspringboot.EncryptablePropertySourceConverter:38] - Converting PropertySource devtools [org.springframework.core.env.MapPropertySource] to EncryptableMapPropertySourceWrapper
[INFO ] 2019-06-17 11:46:57 [restartedMain:3525:com.ulisesbocchio.jasyptspringboot.filter.DefaultLazyPropertyFilter:31] - Property Filter custom Bean not found with name 'encryptablePropertyFilter'. Initializing Default Property Filter
[INFO ] 2019-06-17 11:46:57 [restartedMain:3706:org.springframework.context.support.PostProcessorRegistrationDelegate$BeanPostProcessorChecker:330] - Bean 'org.springframework.transaction.annotation.ProxyTransactionManagementConfiguration' of type [org.springframework.transaction.annotation.ProxyTransactionManagementConfiguration$$EnhancerBySpringCGLIB$$ce35fd38] is not eligible for getting processed by all BeanPostProcessors (for example: not eligible for auto-proxying)
[INFO ] 2019-06-17 11:46:57 [restartedMain:3892:org.springframework.context.support.PostProcessorRegistrationDelegate$BeanPostProcessorChecker:330] - Bean 'org.springframework.hateoas.config.HateoasConfiguration' of type [org.springframework.hateoas.config.HateoasConfiguration$$EnhancerBySpringCGLIB$$4db64a6a] is not eligible for getting processed by all BeanPostProcessors (for example: not eligible for auto-proxying)
[INFO ] 2019-06-17 11:46:57 [restartedMain:4014:com.ulisesbocchio.jasyptspringboot.resolver.DefaultLazyPropertyResolver:31] - Property Resolver custom Bean not found with name 'encryptablePropertyResolver'. Initializing Default Property Resolver
[INFO ] 2019-06-17 11:46:57 [restartedMain:4016:com.ulisesbocchio.jasyptspringboot.detector.DefaultLazyPropertyDetector:30] - Property Detector custom Bean not found with name 'encryptablePropertyDetector'. Initializing Default Property Detector
[INFO ] 2019-06-17 11:46:58 [restartedMain:4828:org.springframework.boot.web.embedded.tomcat.TomcatWebServer:90] - Tomcat initialized with port(s): 8080 (http)
[INFO ] 2019-06-17 11:46:58 [restartedMain:4864:org.apache.coyote.http11.Http11NioProtocol:173] - Initializing ProtocolHandler ["http-nio-127.0.0.1-8080"]
[INFO ] 2019-06-17 11:46:58 [restartedMain:4879:org.apache.catalina.core.StandardService:173] - Starting service [Tomcat]
[INFO ] 2019-06-17 11:46:58 [restartedMain:4879:org.apache.catalina.core.StandardEngine:173] - Starting Servlet engine: [Apache Tomcat/9.0.17]
[INFO ] 2019-06-17 11:46:59 [restartedMain:5113:org.apache.catalina.core.ContainerBase.[Tomcat].[localhost].[/behavioranalysis]:173] - Initializing Spring embedded WebApplicationContext
[INFO ] 2019-06-17 11:46:59 [restartedMain:5113:org.springframework.web.context.ContextLoader:296] - Root WebApplicationContext: initialization completed in 3401 ms
[INFO ] 2019-06-17 11:46:59 [restartedMain:5464:com.ulisesbocchio.jasyptspringboot.encryptor.DefaultLazyEncryptor:32] - String Encryptor custom Bean not found with name 'jasyptStringEncryptor'. Initializing Default String Encryptor
[INFO ] 2019-06-17 11:46:59 [restartedMain:5475:com.ulisesbocchio.jasyptspringboot.encryptor.DefaultLazyEncryptor:58] - Encryptor config not found for property jasypt.encryptor.algorithm, using default value: PBEWithMD5AndDES
[INFO ] 2019-06-17 11:46:59 [restartedMain:5476:com.ulisesbocchio.jasyptspringboot.encryptor.DefaultLazyEncryptor:58] - Encryptor config not found for property jasypt.encryptor.keyObtentionIterations, using default value: 1000
[INFO ] 2019-06-17 11:46:59 [restartedMain:5476:com.ulisesbocchio.jasyptspringboot.encryptor.DefaultLazyEncryptor:58] - Encryptor config not found for property jasypt.encryptor.poolSize, using default value: 1
[INFO ] 2019-06-17 11:46:59 [restartedMain:5477:com.ulisesbocchio.jasyptspringboot.encryptor.DefaultLazyEncryptor:58] - Encryptor config not found for property jasypt.encryptor.providerName, using default value: null
[INFO ] 2019-06-17 11:46:59 [restartedMain:5477:com.ulisesbocchio.jasyptspringboot.encryptor.DefaultLazyEncryptor:58] - Encryptor config not found for property jasypt.encryptor.providerClassName, using default value: null
[INFO ] 2019-06-17 11:46:59 [restartedMain:5477:com.ulisesbocchio.jasyptspringboot.encryptor.DefaultLazyEncryptor:58] - Encryptor config not found for property jasypt.encryptor.saltGeneratorClassname, using default value: org.jasypt.salt.RandomSaltGenerator
[INFO ] 2019-06-17 11:46:59 [restartedMain:5479:com.ulisesbocchio.jasyptspringboot.encryptor.DefaultLazyEncryptor:58] - Encryptor config not found for property jasypt.encryptor.stringOutputType, using default value: base64
[INFO ] 2019-06-17 11:47:00 [restartedMain:6759:org.springframework.scheduling.concurrent.ThreadPoolTaskExecutor:171] - Initializing ExecutorService 'applicationTaskExecutor'
[INFO ] 2019-06-17 11:47:01 [restartedMain:7589:org.springframework.boot.devtools.autoconfigure.OptionalLiveReloadServer:57] - LiveReload server is running on port 35729
[INFO ] 2019-06-17 11:47:01 [restartedMain:7622:org.apache.coyote.http11.Http11NioProtocol:173] - Starting ProtocolHandler ["http-nio-127.0.0.1-8080"]
[INFO ] 2019-06-17 11:47:01 [restartedMain:7659:org.springframework.boot.web.embedded.tomcat.TomcatWebServer:204] - Tomcat started on port(s): 8080 (http) with context path '/behavioranalysis'
[INFO ] 2019-06-17 11:47:01 [restartedMain:7664:com.unifs.behavioranalysis.BehaviorAnalysisApplication:59] - Started BehaviorAnalysisApplication in 7.11 seconds (JVM running for 10.714)
[INFO ] 2019-06-17 11:47:35 [http-nio-127.0.0.1-8080-exec-1:41353:org.apache.catalina.core.ContainerBase.[Tomcat].[localhost].[/behavioranalysis]:173] - Initializing Spring DispatcherServlet 'dispatcherServlet'
[INFO ] 2019-06-17 11:47:35 [http-nio-127.0.0.1-8080-exec-1:41353:org.springframework.web.servlet.DispatcherServlet:524] - Initializing Servlet 'dispatcherServlet'
[INFO ] 2019-06-17 11:47:35 [http-nio-127.0.0.1-8080-exec-1:41365:org.springframework.web.servlet.DispatcherServlet:546] - Completed initialization in 12 ms
[INFO ] 2019-06-17 14:29:40 [restartedMain:1496:com.unifs.behavioranalysis.BehaviorAnalysisApplication:50] - Starting BehaviorAnalysisApplication on sunshine with PID 51468 (D:\Workspaces\IdeaProject\behavioranalysis\target\classes started by qingtian in D:\Workspaces\IdeaProject\behavioranalysis)
[INFO ] 2019-06-17 14:29:40 [restartedMain:1523:com.unifs.behavioranalysis.BehaviorAnalysisApplication:679] - The following profiles are active: dev
[INFO ] 2019-06-17 14:29:40 [restartedMain:1674:org.springframework.boot.devtools.env.DevToolsPropertyDefaultsPostProcessor:227] - Devtools property defaults active! Set 'spring.devtools.add-properties' to 'false' to disable
[INFO ] 2019-06-17 14:29:40 [restartedMain:1675:org.springframework.boot.devtools.env.DevToolsPropertyDefaultsPostProcessor:227] - For additional web related logging consider setting the 'logging.level.web' property to 'DEBUG'
[INFO ] 2019-06-17 14:29:42 [restartedMain:3961:com.ulisesbocchio.jasyptspringboot.configuration.EnableEncryptablePropertiesBeanFactoryPostProcessor:50] - Post-processing PropertySource instances
[INFO ] 2019-06-17 14:29:43 [restartedMain:4067:com.ulisesbocchio.jasyptspringboot.EncryptablePropertySourceConverter:38] - Converting PropertySource configurationProperties [org.springframework.boot.context.properties.source.ConfigurationPropertySourcesPropertySource] to AOP Proxy
[INFO ] 2019-06-17 14:29:43 [restartedMain:4088:com.ulisesbocchio.jasyptspringboot.EncryptablePropertySourceConverter:38] - Converting PropertySource servletConfigInitParams [org.springframework.core.env.PropertySource$StubPropertySource] to EncryptablePropertySourceWrapper
[INFO ] 2019-06-17 14:29:43 [restartedMain:4088:com.ulisesbocchio.jasyptspringboot.EncryptablePropertySourceConverter:38] - Converting PropertySource servletContextInitParams [org.springframework.core.env.PropertySource$StubPropertySource] to EncryptablePropertySourceWrapper
[INFO ] 2019-06-17 14:29:43 [restartedMain:4089:com.ulisesbocchio.jasyptspringboot.EncryptablePropertySourceConverter:38] - Converting PropertySource systemProperties [org.springframework.core.env.MapPropertySource] to EncryptableMapPropertySourceWrapper
[INFO ] 2019-06-17 14:29:43 [restartedMain:4089:com.ulisesbocchio.jasyptspringboot.EncryptablePropertySourceConverter:38] - Converting PropertySource systemEnvironment [org.springframework.boot.env.SystemEnvironmentPropertySourceEnvironmentPostProcessor$OriginAwareSystemEnvironmentPropertySource] to EncryptableMapPropertySourceWrapper
[INFO ] 2019-06-17 14:29:43 [restartedMain:4089:com.ulisesbocchio.jasyptspringboot.EncryptablePropertySourceConverter:38] - Converting PropertySource random [org.springframework.boot.env.RandomValuePropertySource] to EncryptablePropertySourceWrapper
[INFO ] 2019-06-17 14:29:43 [restartedMain:4090:com.ulisesbocchio.jasyptspringboot.EncryptablePropertySourceConverter:38] - Converting PropertySource applicationConfig: [classpath:/application-dev.properties] [org.springframework.boot.env.OriginTrackedMapPropertySource] to EncryptableMapPropertySourceWrapper
[INFO ] 2019-06-17 14:29:43 [restartedMain:4090:com.ulisesbocchio.jasyptspringboot.EncryptablePropertySourceConverter:38] - Converting PropertySource applicationConfig: [classpath:/application.properties] [org.springframework.boot.env.OriginTrackedMapPropertySource] to EncryptableMapPropertySourceWrapper
[INFO ] 2019-06-17 14:29:43 [restartedMain:4090:com.ulisesbocchio.jasyptspringboot.EncryptablePropertySourceConverter:38] - Converting PropertySource devtools [org.springframework.core.env.MapPropertySource] to EncryptableMapPropertySourceWrapper
[INFO ] 2019-06-17 14:29:43 [restartedMain:4151:com.ulisesbocchio.jasyptspringboot.filter.DefaultLazyPropertyFilter:31] - Property Filter custom Bean not found with name 'encryptablePropertyFilter'. Initializing Default Property Filter
[INFO ] 2019-06-17 14:29:43 [restartedMain:4336:org.springframework.context.support.PostProcessorRegistrationDelegate$BeanPostProcessorChecker:330] - Bean 'org.springframework.transaction.annotation.ProxyTransactionManagementConfiguration' of type [org.springframework.transaction.annotation.ProxyTransactionManagementConfiguration$$EnhancerBySpringCGLIB$$b34cde17] is not eligible for getting processed by all BeanPostProcessors (for example: not eligible for auto-proxying)
[INFO ] 2019-06-17 14:29:43 [restartedMain:4521:org.springframework.context.support.PostProcessorRegistrationDelegate$BeanPostProcessorChecker:330] - Bean 'org.springframework.hateoas.config.HateoasConfiguration' of type [org.springframework.hateoas.config.HateoasConfiguration$$EnhancerBySpringCGLIB$$32cd2b49] is not eligible for getting processed by all BeanPostProcessors (for example: not eligible for auto-proxying)
[INFO ] 2019-06-17 14:29:43 [restartedMain:4660:com.ulisesbocchio.jasyptspringboot.resolver.DefaultLazyPropertyResolver:31] - Property Resolver custom Bean not found with name 'encryptablePropertyResolver'. Initializing Default Property Resolver
[INFO ] 2019-06-17 14:29:43 [restartedMain:4662:com.ulisesbocchio.jasyptspringboot.detector.DefaultLazyPropertyDetector:30] - Property Detector custom Bean not found with name 'encryptablePropertyDetector'. Initializing Default Property Detector
[INFO ] 2019-06-17 14:29:44 [restartedMain:5325:org.springframework.boot.web.embedded.tomcat.TomcatWebServer:90] - Tomcat initialized with port(s): 8080 (http)
[INFO ] 2019-06-17 14:29:44 [restartedMain:5356:org.apache.coyote.http11.Http11NioProtocol:173] - Initializing ProtocolHandler ["http-nio-127.0.0.1-8080"]
[INFO ] 2019-06-17 14:29:44 [restartedMain:5376:org.apache.catalina.core.StandardService:173] - Starting service [Tomcat]
[INFO ] 2019-06-17 14:29:44 [restartedMain:5377:org.apache.catalina.core.StandardEngine:173] - Starting Servlet engine: [Apache Tomcat/9.0.17]
[INFO ] 2019-06-17 14:29:44 [restartedMain:5740:org.apache.catalina.core.ContainerBase.[Tomcat].[localhost].[/behavioranalysis]:173] - Initializing Spring embedded WebApplicationContext
[INFO ] 2019-06-17 14:29:44 [restartedMain:5741:org.springframework.web.context.ContextLoader:296] - Root WebApplicationContext: initialization completed in 4066 ms
[INFO ] 2019-06-17 14:29:45 [restartedMain:5999:com.ulisesbocchio.jasyptspringboot.encryptor.DefaultLazyEncryptor:32] - String Encryptor custom Bean not found with name 'jasyptStringEncryptor'. Initializing Default String Encryptor
[INFO ] 2019-06-17 14:29:45 [restartedMain:6012:com.ulisesbocchio.jasyptspringboot.encryptor.DefaultLazyEncryptor:58] - Encryptor config not found for property jasypt.encryptor.algorithm, using default value: PBEWithMD5AndDES
[INFO ] 2019-06-17 14:29:45 [restartedMain:6012:com.ulisesbocchio.jasyptspringboot.encryptor.DefaultLazyEncryptor:58] - Encryptor config not found for property jasypt.encryptor.keyObtentionIterations, using default value: 1000
[INFO ] 2019-06-17 14:29:45 [restartedMain:6012:com.ulisesbocchio.jasyptspringboot.encryptor.DefaultLazyEncryptor:58] - Encryptor config not found for property jasypt.encryptor.poolSize, using default value: 1
[INFO ] 2019-06-17 14:29:45 [restartedMain:6013:com.ulisesbocchio.jasyptspringboot.encryptor.DefaultLazyEncryptor:58] - Encryptor config not found for property jasypt.encryptor.providerName, using default value: null
[INFO ] 2019-06-17 14:29:45 [restartedMain:6013:com.ulisesbocchio.jasyptspringboot.encryptor.DefaultLazyEncryptor:58] - Encryptor config not found for property jasypt.encryptor.providerClassName, using default value: null
[INFO ] 2019-06-17 14:29:45 [restartedMain:6013:com.ulisesbocchio.jasyptspringboot.encryptor.DefaultLazyEncryptor:58] - Encryptor config not found for property jasypt.encryptor.saltGeneratorClassname, using default value: org.jasypt.salt.RandomSaltGenerator
[INFO ] 2019-06-17 14:29:45 [restartedMain:6015:com.ulisesbocchio.jasyptspringboot.encryptor.DefaultLazyEncryptor:58] - Encryptor config not found for property jasypt.encryptor.stringOutputType, using default value: base64
[INFO ] 2019-06-17 14:29:46 [restartedMain:7429:org.springframework.scheduling.concurrent.ThreadPoolTaskExecutor:171] - Initializing ExecutorService 'applicationTaskExecutor'
[INFO ] 2019-06-17 14:29:47 [restartedMain:8187:org.springframework.boot.devtools.autoconfigure.OptionalLiveReloadServer:57] - LiveReload server is running on port 35729
[INFO ] 2019-06-17 14:29:47 [restartedMain:8217:org.apache.coyote.http11.Http11NioProtocol:173] - Starting ProtocolHandler ["http-nio-127.0.0.1-8080"]
[INFO ] 2019-06-17 14:29:47 [restartedMain:8248:org.springframework.boot.web.embedded.tomcat.TomcatWebServer:204] - Tomcat started on port(s): 8080 (http) with context path '/behavioranalysis'
[INFO ] 2019-06-17 14:29:47 [restartedMain:8252:com.unifs.behavioranalysis.BehaviorAnalysisApplication:59] - Started BehaviorAnalysisApplication in 7.699 seconds (JVM running for 11.699)
[INFO ] 2019-06-17 14:30:25 [http-nio-127.0.0.1-8080-exec-1:46317:org.apache.catalina.core.ContainerBase.[Tomcat].[localhost].[/behavioranalysis]:173] - Initializing Spring DispatcherServlet 'dispatcherServlet'
[INFO ] 2019-06-17 14:30:25 [http-nio-127.0.0.1-8080-exec-1:46317:org.springframework.web.servlet.DispatcherServlet:524] - Initializing Servlet 'dispatcherServlet'
[INFO ] 2019-06-17 14:30:25 [http-nio-127.0.0.1-8080-exec-1:46328:org.springframework.web.servlet.DispatcherServlet:546] - Completed initialization in 11 ms
[INFO ] 2019-06-17 19:49:12 [main:1830:com.unifs.behavioranalysis.BehaviorAnalysisApplicationTests:50] - Starting BehaviorAnalysisApplicationTests on Dimpt with PID 2924 (started by 19911 in E:\code\behaviorAnalysis)
[INFO ] 2019-06-17 19:49:12 [main:1836:com.unifs.behavioranalysis.BehaviorAnalysisApplicationTests:679] - The following profiles are active: dev
[INFO ] 2019-06-17 19:49:15 [main:4401:com.ulisesbocchio.jasyptspringboot.configuration.EnableEncryptablePropertiesBeanFactoryPostProcessor:50] - Post-processing PropertySource instances
[INFO ] 2019-06-17 19:49:15 [main:4552:com.ulisesbocchio.jasyptspringboot.EncryptablePropertySourceConverter:38] - Converting PropertySource configurationProperties [org.springframework.boot.context.properties.source.ConfigurationPropertySourcesPropertySource] to AOP Proxy
[INFO ] 2019-06-17 19:49:15 [main:4556:com.ulisesbocchio.jasyptspringboot.EncryptablePropertySourceConverter:38] - Converting PropertySource Inlined Test Properties [org.springframework.core.env.MapPropertySource] to EncryptableMapPropertySourceWrapper
[INFO ] 2019-06-17 19:49:15 [main:4556:com.ulisesbocchio.jasyptspringboot.EncryptablePropertySourceConverter:38] - Converting PropertySource systemProperties [org.springframework.core.env.MapPropertySource] to EncryptableMapPropertySourceWrapper
[INFO ] 2019-06-17 19:49:15 [main:4557:com.ulisesbocchio.jasyptspringboot.EncryptablePropertySourceConverter:38] - Converting PropertySource systemEnvironment [org.springframework.boot.env.SystemEnvironmentPropertySourceEnvironmentPostProcessor$OriginAwareSystemEnvironmentPropertySource] to EncryptableMapPropertySourceWrapper
[INFO ] 2019-06-17 19:49:15 [main:4558:com.ulisesbocchio.jasyptspringboot.EncryptablePropertySourceConverter:38] - Converting PropertySource random [org.springframework.boot.env.RandomValuePropertySource] to EncryptablePropertySourceWrapper
[INFO ] 2019-06-17 19:49:15 [main:4558:com.ulisesbocchio.jasyptspringboot.EncryptablePropertySourceConverter:38] - Converting PropertySource applicationConfig: [classpath:/application-dev.properties] [org.springframework.boot.env.OriginTrackedMapPropertySource] to EncryptableMapPropertySourceWrapper
[INFO ] 2019-06-17 19:49:15 [main:4559:com.ulisesbocchio.jasyptspringboot.EncryptablePropertySourceConverter:38] - Converting PropertySource applicationConfig: [classpath:/application.properties] [org.springframework.boot.env.OriginTrackedMapPropertySource] to EncryptableMapPropertySourceWrapper
[INFO ] 2019-06-17 19:49:15 [main:4666:com.ulisesbocchio.jasyptspringboot.filter.DefaultLazyPropertyFilter:31] - Property Filter custom Bean not found with name 'encryptablePropertyFilter'. Initializing Default Property Filter
[INFO ] 2019-06-17 19:49:15 [main:4857:org.springframework.context.support.PostProcessorRegistrationDelegate$BeanPostProcessorChecker:330] - Bean 'org.springframework.transaction.annotation.ProxyTransactionManagementConfiguration' of type [org.springframework.transaction.annotation.ProxyTransactionManagementConfiguration$$EnhancerBySpringCGLIB$$521fa6a2] is not eligible for getting processed by all BeanPostProcessors (for example: not eligible for auto-proxying)
[INFO ] 2019-06-17 19:49:15 [main:5087:org.springframework.context.support.PostProcessorRegistrationDelegate$BeanPostProcessorChecker:330] - Bean 'org.springframework.hateoas.config.HateoasConfiguration' of type [org.springframework.hateoas.config.HateoasConfiguration$$EnhancerBySpringCGLIB$$d19ff3d4] is not eligible for getting processed by all BeanPostProcessors (for example: not eligible for auto-proxying)
[INFO ] 2019-06-17 19:49:16 [main:5573:com.ulisesbocchio.jasyptspringboot.resolver.DefaultLazyPropertyResolver:31] - Property Resolver custom Bean not found with name 'encryptablePropertyResolver'. Initializing Default Property Resolver
[INFO ] 2019-06-17 19:49:16 [main:5577:com.ulisesbocchio.jasyptspringboot.detector.DefaultLazyPropertyDetector:30] - Property Detector custom Bean not found with name 'encryptablePropertyDetector'. Initializing Default Property Detector
[INFO ] 2019-06-17 19:49:16 [main:5602:com.ulisesbocchio.jasyptspringboot.encryptor.DefaultLazyEncryptor:32] - String Encryptor custom Bean not found with name 'jasyptStringEncryptor'. Initializing Default String Encryptor
[INFO ] 2019-06-17 19:49:16 [main:5626:com.ulisesbocchio.jasyptspringboot.encryptor.DefaultLazyEncryptor:58] - Encryptor config not found for property jasypt.encryptor.algorithm, using default value: PBEWithMD5AndDES
[INFO ] 2019-06-17 19:49:16 [main:5629:com.ulisesbocchio.jasyptspringboot.encryptor.DefaultLazyEncryptor:58] - Encryptor config not found for property jasypt.encryptor.keyObtentionIterations, using default value: 1000
[INFO ] 2019-06-17 19:49:16 [main:5631:com.ulisesbocchio.jasyptspringboot.encryptor.DefaultLazyEncryptor:58] - Encryptor config not found for property jasypt.encryptor.poolSize, using default value: 1
[INFO ] 2019-06-17 19:49:16 [main:5632:com.ulisesbocchio.jasyptspringboot.encryptor.DefaultLazyEncryptor:58] - Encryptor config not found for property jasypt.encryptor.providerName, using default value: null
[INFO ] 2019-06-17 19:49:16 [main:5633:com.ulisesbocchio.jasyptspringboot.encryptor.DefaultLazyEncryptor:58] - Encryptor config not found for property jasypt.encryptor.providerClassName, using default value: null
[INFO ] 2019-06-17 19:49:16 [main:5634:com.ulisesbocchio.jasyptspringboot.encryptor.DefaultLazyEncryptor:58] - Encryptor config not found for property jasypt.encryptor.saltGeneratorClassname, using default value: org.jasypt.salt.RandomSaltGenerator
[INFO ] 2019-06-17 19:49:16 [main:5645:com.ulisesbocchio.jasyptspringboot.encryptor.DefaultLazyEncryptor:58] - Encryptor config not found for property jasypt.encryptor.stringOutputType, using default value: base64
[INFO ] 2019-06-17 19:49:19 [main:8581:org.springframework.scheduling.concurrent.ThreadPoolTaskExecutor:171] - Initializing ExecutorService 'applicationTaskExecutor'
[INFO ] 2019-06-17 19:49:21 [main:10305:com.unifs.behavioranalysis.BehaviorAnalysisApplicationTests:59] - Started BehaviorAnalysisApplicationTests in 9.509 seconds (JVM running for 11.039)
[INFO ] 2019-06-17 19:50:14 [main:1692:com.unifs.behavioranalysis.BehaviorAnalysisApplicationTests:50] - Starting BehaviorAnalysisApplicationTests on Dimpt with PID 9276 (started by 19911 in E:\code\behaviorAnalysis)
[INFO ] 2019-06-17 19:50:14 [main:1695:com.unifs.behavioranalysis.BehaviorAnalysisApplicationTests:679] - The following profiles are active: dev
[INFO ] 2019-06-17 19:50:18 [main:5214:com.ulisesbocchio.jasyptspringboot.configuration.EnableEncryptablePropertiesBeanFactoryPostProcessor:50] - Post-processing PropertySource instances
[INFO ] 2019-06-17 19:50:19 [main:6233:com.ulisesbocchio.jasyptspringboot.EncryptablePropertySourceConverter:38] - Converting PropertySource configurationProperties [org.springframework.boot.context.properties.source.ConfigurationPropertySourcesPropertySource] to AOP Proxy
[INFO ] 2019-06-17 19:50:19 [main:6256:com.ulisesbocchio.jasyptspringboot.EncryptablePropertySourceConverter:38] - Converting PropertySource Inlined Test Properties [org.springframework.core.env.MapPropertySource] to EncryptableMapPropertySourceWrapper
[INFO ] 2019-06-17 19:50:19 [main:6256:com.ulisesbocchio.jasyptspringboot.EncryptablePropertySourceConverter:38] - Converting PropertySource systemProperties [org.springframework.core.env.MapPropertySource] to EncryptableMapPropertySourceWrapper
[INFO ] 2019-06-17 19:50:19 [main:6258:com.ulisesbocchio.jasyptspringboot.EncryptablePropertySourceConverter:38] - Converting PropertySource systemEnvironment [org.springframework.boot.env.SystemEnvironmentPropertySourceEnvironmentPostProcessor$OriginAwareSystemEnvironmentPropertySource] to EncryptableMapPropertySourceWrapper
[INFO ] 2019-06-17 19:50:19 [main:6276:com.ulisesbocchio.jasyptspringboot.EncryptablePropertySourceConverter:38] - Converting PropertySource random [org.springframework.boot.env.RandomValuePropertySource] to EncryptablePropertySourceWrapper
[INFO ] 2019-06-17 19:50:19 [main:6277:com.ulisesbocchio.jasyptspringboot.EncryptablePropertySourceConverter:38] - Converting PropertySource applicationConfig: [classpath:/application-dev.properties] [org.springframework.boot.env.OriginTrackedMapPropertySource] to EncryptableMapPropertySourceWrapper
[INFO ] 2019-06-17 19:50:19 [main:6278:com.ulisesbocchio.jasyptspringboot.EncryptablePropertySourceConverter:38] - Converting PropertySource applicationConfig: [classpath:/application.properties] [org.springframework.boot.env.OriginTrackedMapPropertySource] to EncryptableMapPropertySourceWrapper
[INFO ] 2019-06-17 19:50:19 [main:6389:com.ulisesbocchio.jasyptspringboot.filter.DefaultLazyPropertyFilter:31] - Property Filter custom Bean not found with name 'encryptablePropertyFilter'. Initializing Default Property Filter
[INFO ] 2019-06-17 19:50:20 [main:6880:org.springframework.context.support.PostProcessorRegistrationDelegate$BeanPostProcessorChecker:330] - Bean 'org.springframework.transaction.annotation.ProxyTransactionManagementConfiguration' of type [org.springframework.transaction.annotation.ProxyTransactionManagementConfiguration$$EnhancerBySpringCGLIB$$2df72b02] is not eligible for getting processed by all BeanPostProcessors (for example: not eligible for auto-proxying)
[INFO ] 2019-06-17 19:50:20 [main:7515:org.springframework.context.support.PostProcessorRegistrationDelegate$BeanPostProcessorChecker:330] - Bean 'org.springframework.hateoas.config.HateoasConfiguration' of type [org.springframework.hateoas.config.HateoasConfiguration$$EnhancerBySpringCGLIB$$ad777834] is not eligible for getting processed by all BeanPostProcessors (for example: not eligible for auto-proxying)
[INFO ] 2019-06-17 19:50:21 [main:8311:com.ulisesbocchio.jasyptspringboot.resolver.DefaultLazyPropertyResolver:31] - Property Resolver custom Bean not found with name 'encryptablePropertyResolver'. Initializing Default Property Resolver
[INFO ] 2019-06-17 19:50:21 [main:8317:com.ulisesbocchio.jasyptspringboot.detector.DefaultLazyPropertyDetector:30] - Property Detector custom Bean not found with name 'encryptablePropertyDetector'. Initializing Default Property Detector
[INFO ] 2019-06-17 19:50:21 [main:8366:com.ulisesbocchio.jasyptspringboot.encryptor.DefaultLazyEncryptor:32] - String Encryptor custom Bean not found with name 'jasyptStringEncryptor'. Initializing Default String Encryptor
[INFO ] 2019-06-17 19:50:21 [main:8393:com.ulisesbocchio.jasyptspringboot.encryptor.DefaultLazyEncryptor:58] - Encryptor config not found for property jasypt.encryptor.algorithm, using default value: PBEWithMD5AndDES
[INFO ] 2019-06-17 19:50:21 [main:8395:com.ulisesbocchio.jasyptspringboot.encryptor.DefaultLazyEncryptor:58] - Encryptor config not found for property jasypt.encryptor.keyObtentionIterations, using default value: 1000
[INFO ] 2019-06-17 19:50:21 [main:8395:com.ulisesbocchio.jasyptspringboot.encryptor.DefaultLazyEncryptor:58] - Encryptor config not found for property jasypt.encryptor.poolSize, using default value: 1
[INFO ] 2019-06-17 19:50:21 [main:8398:com.ulisesbocchio.jasyptspringboot.encryptor.DefaultLazyEncryptor:58] - Encryptor config not found for property jasypt.encryptor.providerName, using default value: null
[INFO ] 2019-06-17 19:50:21 [main:8399:com.ulisesbocchio.jasyptspringboot.encryptor.DefaultLazyEncryptor:58] - Encryptor config not found for property jasypt.encryptor.providerClassName, using default value: null
[INFO ] 2019-06-17 19:50:21 [main:8401:com.ulisesbocchio.jasyptspringboot.encryptor.DefaultLazyEncryptor:58] - Encryptor config not found for property jasypt.encryptor.saltGeneratorClassname, using default value: org.jasypt.salt.RandomSaltGenerator
[INFO ] 2019-06-17 19:50:21 [main:8414:com.ulisesbocchio.jasyptspringboot.encryptor.DefaultLazyEncryptor:58] - Encryptor config not found for property jasypt.encryptor.stringOutputType, using default value: base64
[INFO ] 2019-06-17 19:50:25 [main:12669:org.springframework.scheduling.concurrent.ThreadPoolTaskExecutor:171] - Initializing ExecutorService 'applicationTaskExecutor'
[INFO ] 2019-06-17 19:50:27 [main:14760:com.unifs.behavioranalysis.BehaviorAnalysisApplicationTests:59] - Started BehaviorAnalysisApplicationTests in 14.027 seconds (JVM running for 15.342)
[INFO ] 2019-06-17 19:51:27 [main:1540:com.unifs.behavioranalysis.BehaviorAnalysisApplicationTests:50] - Starting BehaviorAnalysisApplicationTests on Dimpt with PID 4244 (started by 19911 in E:\code\behaviorAnalysis)
[INFO ] 2019-06-17 19:51:27 [main:1543:com.unifs.behavioranalysis.BehaviorAnalysisApplicationTests:679] - The following profiles are active: dev
[INFO ] 2019-06-17 19:51:29 [main:3484:com.ulisesbocchio.jasyptspringboot.configuration.EnableEncryptablePropertiesBeanFactoryPostProcessor:50] - Post-processing PropertySource instances
[INFO ] 2019-06-17 19:51:29 [main:3621:com.ulisesbocchio.jasyptspringboot.EncryptablePropertySourceConverter:38] - Converting PropertySource configurationProperties [org.springframework.boot.context.properties.source.ConfigurationPropertySourcesPropertySource] to AOP Proxy
[INFO ] 2019-06-17 19:51:29 [main:3623:com.ulisesbocchio.jasyptspringboot.EncryptablePropertySourceConverter:38] - Converting PropertySource Inlined Test Properties [org.springframework.core.env.MapPropertySource] to EncryptableMapPropertySourceWrapper
[INFO ] 2019-06-17 19:51:29 [main:3625:com.ulisesbocchio.jasyptspringboot.EncryptablePropertySourceConverter:38] - Converting PropertySource systemProperties [org.springframework.core.env.MapPropertySource] to EncryptableMapPropertySourceWrapper
[INFO ] 2019-06-17 19:51:29 [main:3626:com.ulisesbocchio.jasyptspringboot.EncryptablePropertySourceConverter:38] - Converting PropertySource systemEnvironment [org.springframework.boot.env.SystemEnvironmentPropertySourceEnvironmentPostProcessor$OriginAwareSystemEnvironmentPropertySource] to EncryptableMapPropertySourceWrapper
[INFO ] 2019-06-17 19:51:29 [main:3627:com.ulisesbocchio.jasyptspringboot.EncryptablePropertySourceConverter:38] - Converting PropertySource random [org.springframework.boot.env.RandomValuePropertySource] to EncryptablePropertySourceWrapper
[INFO ] 2019-06-17 19:51:29 [main:3627:com.ulisesbocchio.jasyptspringboot.EncryptablePropertySourceConverter:38] - Converting PropertySource applicationConfig: [classpath:/application-dev.properties] [org.springframework.boot.env.OriginTrackedMapPropertySource] to EncryptableMapPropertySourceWrapper
[INFO ] 2019-06-17 19:51:29 [main:3628:com.ulisesbocchio.jasyptspringboot.EncryptablePropertySourceConverter:38] - Converting PropertySource applicationConfig: [classpath:/application.properties] [org.springframework.boot.env.OriginTrackedMapPropertySource] to EncryptableMapPropertySourceWrapper
[INFO ] 2019-06-17 19:51:29 [main:3754:com.ulisesbocchio.jasyptspringboot.filter.DefaultLazyPropertyFilter:31] - Property Filter custom Bean not found with name 'encryptablePropertyFilter'. Initializing Default Property Filter
[INFO ] 2019-06-17 19:51:30 [main:4093:org.springframework.context.support.PostProcessorRegistrationDelegate$BeanPostProcessorChecker:330] - Bean 'org.springframework.transaction.annotation.ProxyTransactionManagementConfiguration' of type [org.springframework.transaction.annotation.ProxyTransactionManagementConfiguration$$EnhancerBySpringCGLIB$$2df72b02] is not eligible for getting processed by all BeanPostProcessors (for example: not eligible for auto-proxying)
[INFO ] 2019-06-17 19:51:30 [main:4623:org.springframework.context.support.PostProcessorRegistrationDelegate$BeanPostProcessorChecker:330] - Bean 'org.springframework.hateoas.config.HateoasConfiguration' of type [org.springframework.hateoas.config.HateoasConfiguration$$EnhancerBySpringCGLIB$$ad777834] is not eligible for getting processed by all BeanPostProcessors (for example: not eligible for auto-proxying)
[INFO ] 2019-06-17 19:51:31 [main:5187:com.ulisesbocchio.jasyptspringboot.resolver.DefaultLazyPropertyResolver:31] - Property Resolver custom Bean not found with name 'encryptablePropertyResolver'. Initializing Default Property Resolver
[INFO ] 2019-06-17 19:51:31 [main:5191:com.ulisesbocchio.jasyptspringboot.detector.DefaultLazyPropertyDetector:30] - Property Detector custom Bean not found with name 'encryptablePropertyDetector'. Initializing Default Property Detector
[INFO ] 2019-06-17 19:51:31 [main:5214:com.ulisesbocchio.jasyptspringboot.encryptor.DefaultLazyEncryptor:32] - String Encryptor custom Bean not found with name 'jasyptStringEncryptor'. Initializing Default String Encryptor
[INFO ] 2019-06-17 19:51:31 [main:5234:com.ulisesbocchio.jasyptspringboot.encryptor.DefaultLazyEncryptor:58] - Encryptor config not found for property jasypt.encryptor.algorithm, using default value: PBEWithMD5AndDES
[INFO ] 2019-06-17 19:51:31 [main:5235:com.ulisesbocchio.jasyptspringboot.encryptor.DefaultLazyEncryptor:58] - Encryptor config not found for property jasypt.encryptor.keyObtentionIterations, using default value: 1000
[INFO ] 2019-06-17 19:51:31 [main:5237:com.ulisesbocchio.jasyptspringboot.encryptor.DefaultLazyEncryptor:58] - Encryptor config not found for property jasypt.encryptor.poolSize, using default value: 1
[INFO ] 2019-06-17 19:51:31 [main:5239:com.ulisesbocchio.jasyptspringboot.encryptor.DefaultLazyEncryptor:58] - Encryptor config not found for property jasypt.encryptor.providerName, using default value: null
[INFO ] 2019-06-17 19:51:31 [main:5241:com.ulisesbocchio.jasyptspringboot.encryptor.DefaultLazyEncryptor:58] - Encryptor config not found for property jasypt.encryptor.providerClassName, using default value: null
[INFO ] 2019-06-17 19:51:31 [main:5243:com.ulisesbocchio.jasyptspringboot.encryptor.DefaultLazyEncryptor:58] - Encryptor config not found for property jasypt.encryptor.saltGeneratorClassname, using default value: org.jasypt.salt.RandomSaltGenerator
[INFO ] 2019-06-17 19:51:31 [main:5256:com.ulisesbocchio.jasyptspringboot.encryptor.DefaultLazyEncryptor:58] - Encryptor config not found for property jasypt.encryptor.stringOutputType, using default value: base64
[INFO ] 2019-06-17 19:51:34 [main:8199:org.springframework.scheduling.concurrent.ThreadPoolTaskExecutor:171] - Initializing ExecutorService 'applicationTaskExecutor'
[INFO ] 2019-06-17 19:51:35 [main:9162:com.unifs.behavioranalysis.BehaviorAnalysisApplicationTests:59] - Started BehaviorAnalysisApplicationTests in 8.446 seconds (JVM running for 9.713)
[INFO ] 2019-06-17 19:58:34 [main:2386:com.unifs.behavioranalysis.BehaviorAnalysisApplicationTests:50] - Starting BehaviorAnalysisApplicationTests on Dimpt with PID 4100 (started by 19911 in E:\code\behaviorAnalysis)
[INFO ] 2019-06-17 19:58:34 [main:2390:com.unifs.behavioranalysis.BehaviorAnalysisApplicationTests:679] - The following profiles are active: dev
[INFO ] 2019-06-17 19:58:37 [main:4889:com.ulisesbocchio.jasyptspringboot.configuration.EnableEncryptablePropertiesBeanFactoryPostProcessor:50] - Post-processing PropertySource instances
[INFO ] 2019-06-17 19:58:37 [main:5121:com.ulisesbocchio.jasyptspringboot.EncryptablePropertySourceConverter:38] - Converting PropertySource configurationProperties [org.springframework.boot.context.properties.source.ConfigurationPropertySourcesPropertySource] to AOP Proxy
[INFO ] 2019-06-17 19:58:37 [main:5134:com.ulisesbocchio.jasyptspringboot.EncryptablePropertySourceConverter:38] - Converting PropertySource Inlined Test Properties [org.springframework.core.env.MapPropertySource] to EncryptableMapPropertySourceWrapper
[INFO ] 2019-06-17 19:58:37 [main:5135:com.ulisesbocchio.jasyptspringboot.EncryptablePropertySourceConverter:38] - Converting PropertySource systemProperties [org.springframework.core.env.MapPropertySource] to EncryptableMapPropertySourceWrapper
[INFO ] 2019-06-17 19:58:37 [main:5136:com.ulisesbocchio.jasyptspringboot.EncryptablePropertySourceConverter:38] - Converting PropertySource systemEnvironment [org.springframework.boot.env.SystemEnvironmentPropertySourceEnvironmentPostProcessor$OriginAwareSystemEnvironmentPropertySource] to EncryptableMapPropertySourceWrapper
[INFO ] 2019-06-17 19:58:37 [main:5136:com.ulisesbocchio.jasyptspringboot.EncryptablePropertySourceConverter:38] - Converting PropertySource random [org.springframework.boot.env.RandomValuePropertySource] to EncryptablePropertySourceWrapper
[INFO ] 2019-06-17 19:58:37 [main:5137:com.ulisesbocchio.jasyptspringboot.EncryptablePropertySourceConverter:38] - Converting PropertySource applicationConfig: [classpath:/application-dev.properties] [org.springframework.boot.env.OriginTrackedMapPropertySource] to EncryptableMapPropertySourceWrapper
[INFO ] 2019-06-17 19:58:37 [main:5140:com.ulisesbocchio.jasyptspringboot.EncryptablePropertySourceConverter:38] - Converting PropertySource applicationConfig: [classpath:/application.properties] [org.springframework.boot.env.OriginTrackedMapPropertySource] to EncryptableMapPropertySourceWrapper
[INFO ] 2019-06-17 19:58:37 [main:5294:com.ulisesbocchio.jasyptspringboot.filter.DefaultLazyPropertyFilter:31] - Property Filter custom Bean not found with name 'encryptablePropertyFilter'. Initializing Default Property Filter
[INFO ] 2019-06-17 19:58:38 [main:5613:org.springframework.context.support.PostProcessorRegistrationDelegate$BeanPostProcessorChecker:330] - Bean 'org.springframework.transaction.annotation.ProxyTransactionManagementConfiguration' of type [org.springframework.transaction.annotation.ProxyTransactionManagementConfiguration$$EnhancerBySpringCGLIB$$2df72b02] is not eligible for getting processed by all BeanPostProcessors (for example: not eligible for auto-proxying)
[INFO ] 2019-06-17 19:58:38 [main:5947:org.springframework.context.support.PostProcessorRegistrationDelegate$BeanPostProcessorChecker:330] - Bean 'org.springframework.hateoas.config.HateoasConfiguration' of type [org.springframework.hateoas.config.HateoasConfiguration$$EnhancerBySpringCGLIB$$ad777834] is not eligible for getting processed by all BeanPostProcessors (for example: not eligible for auto-proxying)
[INFO ] 2019-06-17 19:58:38 [main:6404:com.ulisesbocchio.jasyptspringboot.resolver.DefaultLazyPropertyResolver:31] - Property Resolver custom Bean not found with name 'encryptablePropertyResolver'. Initializing Default Property Resolver
[INFO ] 2019-06-17 19:58:38 [main:6408:com.ulisesbocchio.jasyptspringboot.detector.DefaultLazyPropertyDetector:30] - Property Detector custom Bean not found with name 'encryptablePropertyDetector'. Initializing Default Property Detector
[INFO ] 2019-06-17 19:58:38 [main:6431:com.ulisesbocchio.jasyptspringboot.encryptor.DefaultLazyEncryptor:32] - String Encryptor custom Bean not found with name 'jasyptStringEncryptor'. Initializing Default String Encryptor
[INFO ] 2019-06-17 19:58:39 [main:6452:com.ulisesbocchio.jasyptspringboot.encryptor.DefaultLazyEncryptor:58] - Encryptor config not found for property jasypt.encryptor.algorithm, using default value: PBEWithMD5AndDES
[INFO ] 2019-06-17 19:58:39 [main:6453:com.ulisesbocchio.jasyptspringboot.encryptor.DefaultLazyEncryptor:58] - Encryptor config not found for property jasypt.encryptor.keyObtentionIterations, using default value: 1000
[INFO ] 2019-06-17 19:58:39 [main:6456:com.ulisesbocchio.jasyptspringboot.encryptor.DefaultLazyEncryptor:58] - Encryptor config not found for property jasypt.encryptor.poolSize, using default value: 1
[INFO ] 2019-06-17 19:58:39 [main:6457:com.ulisesbocchio.jasyptspringboot.encryptor.DefaultLazyEncryptor:58] - Encryptor config not found for property jasypt.encryptor.providerName, using default value: null
[INFO ] 2019-06-17 19:58:39 [main:6459:com.ulisesbocchio.jasyptspringboot.encryptor.DefaultLazyEncryptor:58] - Encryptor config not found for property jasypt.encryptor.providerClassName, using default value: null
[INFO ] 2019-06-17 19:58:39 [main:6460:com.ulisesbocchio.jasyptspringboot.encryptor.DefaultLazyEncryptor:58] - Encryptor config not found for property jasypt.encryptor.saltGeneratorClassname, using default value: org.jasypt.salt.RandomSaltGenerator
[INFO ] 2019-06-17 19:58:39 [main:6476:com.ulisesbocchio.jasyptspringboot.encryptor.DefaultLazyEncryptor:58] - Encryptor config not found for property jasypt.encryptor.stringOutputType, using default value: base64
[INFO ] 2019-06-17 19:58:42 [main:9478:org.springframework.scheduling.concurrent.ThreadPoolTaskExecutor:171] - Initializing ExecutorService 'applicationTaskExecutor'
[INFO ] 2019-06-17 19:58:43 [main:11024:com.unifs.behavioranalysis.BehaviorAnalysisApplicationTests:59] - Started BehaviorAnalysisApplicationTests in 9.945 seconds (JVM running for 11.883)
