[WARN ] 2019-06-17 11:21:20 [main:4390:org.mybatis.spring.mapper.ClassPathMapperScanner:166] - No MyBatis mapper was found in '[com.unifs.behavioranalysis.dao]' package. Please check your configuration.
[WARN ] 2019-06-17 11:21:20 [main:4396:org.mybatis.spring.mapper.ClassPathMapperScanner:166] - No MyBatis mapper was found in '[com.unifs.behavioranalysis.dao]' package. Please check your configuration.
[WARN ] 2019-06-17 11:21:20 [main:4653:tk.mybatis.spring.mapper.ClassPathMapperScanner:166] - No MyBatis mapper was found in '[com.unifs.behavioranalysis]' package. Please check your configuration.
[WARN ] 2019-06-17 11:21:20 [main:4731:org.mybatis.spring.mapper.ClassPathMapperScanner:166] - No MyBatis mapper was found in '[com.unifs.behavioranalysis]' package. Please check your configuration.
[WARN ] 2019-06-17 11:21:23 [main:7685:org.springframework.web.context.support.GenericWebApplicationContext:557] - Exception encountered during context initialization - cancelling refresh attempt: org.springframework.beans.factory.BeanCreationException: Error creating bean with name 'sqlSessionFactory' defined in class path resource [com/unifs/behavioranalysis/config/DuridConfig.class]: Bean instantiation via factory method failed; nested exception is org.springframework.beans.BeanInstantiationException: Failed to instantiate [org.apache.ibatis.session.SqlSessionFactory]: Factory method 'sqlSessionFactory' threw exception; nested exception is java.io.FileNotFoundException: class path resource [mappers/] cannot be resolved to URL because it does not exist
[WARN ] 2019-06-17 11:41:05 [main:4274:org.mybatis.spring.mapper.ClassPathMapperScanner:239] - Skipping MapperFactoryBean with name 'areaInfoMapper' and 'com.unifs.behavioranalysis.dao.AreaInfoMapper' mapperInterface. Bean already defined with the same name!
[WARN ] 2019-06-17 11:41:05 [main:4276:org.mybatis.spring.mapper.ClassPathMapperScanner:239] - Skipping MapperFactoryBean with name 'channelInfoMapper' and 'com.unifs.behavioranalysis.dao.ChannelInfoMapper' mapperInterface. Bean already defined with the same name!
[WARN ] 2019-06-17 11:41:05 [main:4277:org.mybatis.spring.mapper.ClassPathMapperScanner:239] - Skipping MapperFactoryBean with name 'productInfoMapper' and 'com.unifs.behavioranalysis.dao.ProductInfoMapper' mapperInterface. Bean already defined with the same name!
[WARN ] 2019-06-17 11:41:05 [main:4277:org.mybatis.spring.mapper.ClassPathMapperScanner:239] - Skipping MapperFactoryBean with name 'productOrderMapper' and 'com.unifs.behavioranalysis.dao.ProductOrderMapper' mapperInterface. Bean already defined with the same name!
[WARN ] 2019-06-17 11:41:05 [main:4278:org.mybatis.spring.mapper.ClassPathMapperScanner:239] - Skipping MapperFactoryBean with name 'userMapper' and 'com.unifs.behavioranalysis.dao.UserMapper' mapperInterface. Bean already defined with the same name!
[WARN ] 2019-06-17 11:41:05 [main:4278:org.mybatis.spring.mapper.ClassPathMapperScanner:166] - No MyBatis mapper was found in '[com.unifs.behavioranalysis.dao]' package. Please check your configuration.
[WARN ] 2019-06-17 11:46:56 [restartedMain:2753:org.mybatis.spring.mapper.ClassPathMapperScanner:239] - Skipping MapperFactoryBean with name 'areaInfoMapper' and 'com.unifs.behavioranalysis.dao.AreaInfoMapper' mapperInterface. Bean already defined with the same name!
[WARN ] 2019-06-17 11:46:56 [restartedMain:2753:org.mybatis.spring.mapper.ClassPathMapperScanner:239] - Skipping MapperFactoryBean with name 'channelInfoMapper' and 'com.unifs.behavioranalysis.dao.ChannelInfoMapper' mapperInterface. Bean already defined with the same name!
[WARN ] 2019-06-17 11:46:56 [restartedMain:2754:org.mybatis.spring.mapper.ClassPathMapperScanner:239] - Skipping MapperFactoryBean with name 'productInfoMapper' and 'com.unifs.behavioranalysis.dao.ProductInfoMapper' mapperInterface. Bean already defined with the same name!
[WARN ] 2019-06-17 11:46:56 [restartedMain:2754:org.mybatis.spring.mapper.ClassPathMapperScanner:239] - Skipping MapperFactoryBean with name 'productOrderMapper' and 'com.unifs.behavioranalysis.dao.ProductOrderMapper' mapperInterface. Bean already defined with the same name!
[WARN ] 2019-06-17 11:46:56 [restartedMain:2754:org.mybatis.spring.mapper.ClassPathMapperScanner:239] - Skipping MapperFactoryBean with name 'userMapper' and 'com.unifs.behavioranalysis.dao.UserMapper' mapperInterface. Bean already defined with the same name!
[WARN ] 2019-06-17 11:46:56 [restartedMain:2754:org.mybatis.spring.mapper.ClassPathMapperScanner:166] - No MyBatis mapper was found in '[com.unifs.behavioranalysis.dao]' package. Please check your configuration.
[WARN ] 2019-06-17 11:47:35 [http-nio-127.0.0.1-8080-exec-1:41505:org.springframework.web.servlet.mvc.method.annotation.ExceptionHandlerExceptionResolver:197] - Resolved [org.springframework.web.HttpRequestMethodNotSupportedException: Request method 'GET' not supported]
[WARN ] 2019-06-17 11:54:52 [restartedMain:3126:org.mybatis.spring.mapper.ClassPathMapperScanner:239] - Skipping MapperFactoryBean with name 'areaInfoMapper' and 'com.unifs.behavioranalysis.dao.AreaInfoMapper' mapperInterface. Bean already defined with the same name!
[WARN ] 2019-06-17 11:54:52 [restartedMain:3128:org.mybatis.spring.mapper.ClassPathMapperScanner:239] - Skipping MapperFactoryBean with name 'channelInfoMapper' and 'com.unifs.behavioranalysis.dao.ChannelInfoMapper' mapperInterface. Bean already defined with the same name!
[WARN ] 2019-06-17 11:54:52 [restartedMain:3128:org.mybatis.spring.mapper.ClassPathMapperScanner:239] - Skipping MapperFactoryBean with name 'productInfoMapper' and 'com.unifs.behavioranalysis.dao.ProductInfoMapper' mapperInterface. Bean already defined with the same name!
[WARN ] 2019-06-17 11:54:52 [restartedMain:3129:org.mybatis.spring.mapper.ClassPathMapperScanner:239] - Skipping MapperFactoryBean with name 'productOrderMapper' and 'com.unifs.behavioranalysis.dao.ProductOrderMapper' mapperInterface. Bean already defined with the same name!
[WARN ] 2019-06-17 11:54:52 [restartedMain:3130:org.mybatis.spring.mapper.ClassPathMapperScanner:239] - Skipping MapperFactoryBean with name 'userMapper' and 'com.unifs.behavioranalysis.dao.UserMapper' mapperInterface. Bean already defined with the same name!
[WARN ] 2019-06-17 11:54:52 [restartedMain:3133:org.mybatis.spring.mapper.ClassPathMapperScanner:166] - No MyBatis mapper was found in '[com.unifs.behavioranalysis.dao]' package. Please check your configuration.
[WARN ] 2019-06-17 11:56:59 [http-nio-127.0.0.1-8080-exec-4:130832:org.springframework.web.servlet.mvc.method.annotation.ExceptionHandlerExceptionResolver:197] - Resolved [org.springframework.web.HttpRequestMethodNotSupportedException: Request method 'GET' not supported]
[WARN ] 2019-06-17 12:01:36 [restartedMain:3492:org.mybatis.spring.mapper.ClassPathMapperScanner:239] - Skipping MapperFactoryBean with name 'areaInfoMapper' and 'com.unifs.behavioranalysis.dao.AreaInfoMapper' mapperInterface. Bean already defined with the same name!
[WARN ] 2019-06-17 12:01:36 [restartedMain:3496:org.mybatis.spring.mapper.ClassPathMapperScanner:239] - Skipping MapperFactoryBean with name 'channelInfoMapper' and 'com.unifs.behavioranalysis.dao.ChannelInfoMapper' mapperInterface. Bean already defined with the same name!
[WARN ] 2019-06-17 12:01:36 [restartedMain:3496:org.mybatis.spring.mapper.ClassPathMapperScanner:239] - Skipping MapperFactoryBean with name 'productInfoMapper' and 'com.unifs.behavioranalysis.dao.ProductInfoMapper' mapperInterface. Bean already defined with the same name!
[WARN ] 2019-06-17 12:01:36 [restartedMain:3497:org.mybatis.spring.mapper.ClassPathMapperScanner:239] - Skipping MapperFactoryBean with name 'productOrderMapper' and 'com.unifs.behavioranalysis.dao.ProductOrderMapper' mapperInterface. Bean already defined with the same name!
[WARN ] 2019-06-17 12:01:36 [restartedMain:3497:org.mybatis.spring.mapper.ClassPathMapperScanner:239] - Skipping MapperFactoryBean with name 'userMapper' and 'com.unifs.behavioranalysis.dao.UserMapper' mapperInterface. Bean already defined with the same name!
[WARN ] 2019-06-17 12:01:36 [restartedMain:3498:org.mybatis.spring.mapper.ClassPathMapperScanner:166] - No MyBatis mapper was found in '[com.unifs.behavioranalysis.dao]' package. Please check your configuration.
[WARN ] 2019-06-17 15:14:42 [restartedMain:3209:org.mybatis.spring.mapper.ClassPathMapperScanner:239] - Skipping MapperFactoryBean with name 'areaInfoMapper' and 'com.unifs.behavioranalysis.dao.AreaInfoMapper' mapperInterface. Bean already defined with the same name!
[WARN ] 2019-06-17 15:14:42 [restartedMain:3210:org.mybatis.spring.mapper.ClassPathMapperScanner:239] - Skipping MapperFactoryBean with name 'channelInfoMapper' and 'com.unifs.behavioranalysis.dao.ChannelInfoMapper' mapperInterface. Bean already defined with the same name!
[WARN ] 2019-06-17 15:14:42 [restartedMain:3210:org.mybatis.spring.mapper.ClassPathMapperScanner:239] - Skipping MapperFactoryBean with name 'productInfoMapper' and 'com.unifs.behavioranalysis.dao.ProductInfoMapper' mapperInterface. Bean already defined with the same name!
[WARN ] 2019-06-17 15:14:42 [restartedMain:3210:org.mybatis.spring.mapper.ClassPathMapperScanner:239] - Skipping MapperFactoryBean with name 'productOrderMapper' and 'com.unifs.behavioranalysis.dao.ProductOrderMapper' mapperInterface. Bean already defined with the same name!
[WARN ] 2019-06-17 15:14:42 [restartedMain:3210:org.mybatis.spring.mapper.ClassPathMapperScanner:239] - Skipping MapperFactoryBean with name 'userMapper' and 'com.unifs.behavioranalysis.dao.UserMapper' mapperInterface. Bean already defined with the same name!
[WARN ] 2019-06-17 15:14:42 [restartedMain:3210:org.mybatis.spring.mapper.ClassPathMapperScanner:166] - No MyBatis mapper was found in '[com.unifs.behavioranalysis.dao]' package. Please check your configuration.
[WARN ] 2019-06-17 15:18:35 [restartedMain:1930:org.mybatis.spring.mapper.ClassPathMapperScanner:239] - Skipping MapperFactoryBean with name 'areaInfoMapper' and 'com.unifs.behavioranalysis.dao.AreaInfoMapper' mapperInterface. Bean already defined with the same name!
[WARN ] 2019-06-17 15:18:35 [restartedMain:1934:org.mybatis.spring.mapper.ClassPathMapperScanner:239] - Skipping MapperFactoryBean with name 'channelInfoMapper' and 'com.unifs.behavioranalysis.dao.ChannelInfoMapper' mapperInterface. Bean already defined with the same name!
[WARN ] 2019-06-17 15:18:35 [restartedMain:1935:org.mybatis.spring.mapper.ClassPathMapperScanner:239] - Skipping MapperFactoryBean with name 'productInfoMapper' and 'com.unifs.behavioranalysis.dao.ProductInfoMapper' mapperInterface. Bean already defined with the same name!
[WARN ] 2019-06-17 15:18:35 [restartedMain:1935:org.mybatis.spring.mapper.ClassPathMapperScanner:239] - Skipping MapperFactoryBean with name 'productOrderMapper' and 'com.unifs.behavioranalysis.dao.ProductOrderMapper' mapperInterface. Bean already defined with the same name!
[WARN ] 2019-06-17 15:18:35 [restartedMain:1936:org.mybatis.spring.mapper.ClassPathMapperScanner:239] - Skipping MapperFactoryBean with name 'userMapper' and 'com.unifs.behavioranalysis.dao.UserMapper' mapperInterface. Bean already defined with the same name!
[WARN ] 2019-06-17 15:18:35 [restartedMain:1936:org.mybatis.spring.mapper.ClassPathMapperScanner:166] - No MyBatis mapper was found in '[com.unifs.behavioranalysis.dao]' package. Please check your configuration.
[WARN ] 2019-06-17 15:18:51 [restartedMain:17435:org.mybatis.spring.mapper.ClassPathMapperScanner:239] - Skipping MapperFactoryBean with name 'areaInfoMapper' and 'com.unifs.behavioranalysis.dao.AreaInfoMapper' mapperInterface. Bean already defined with the same name!
[WARN ] 2019-06-17 15:18:51 [restartedMain:17435:org.mybatis.spring.mapper.ClassPathMapperScanner:239] - Skipping MapperFactoryBean with name 'channelInfoMapper' and 'com.unifs.behavioranalysis.dao.ChannelInfoMapper' mapperInterface. Bean already defined with the same name!
[WARN ] 2019-06-17 15:18:51 [restartedMain:17435:org.mybatis.spring.mapper.ClassPathMapperScanner:239] - Skipping MapperFactoryBean with name 'productInfoMapper' and 'com.unifs.behavioranalysis.dao.ProductInfoMapper' mapperInterface. Bean already defined with the same name!
[WARN ] 2019-06-17 15:18:51 [restartedMain:17435:org.mybatis.spring.mapper.ClassPathMapperScanner:239] - Skipping MapperFactoryBean with name 'productOrderMapper' and 'com.unifs.behavioranalysis.dao.ProductOrderMapper' mapperInterface. Bean already defined with the same name!
[WARN ] 2019-06-17 15:18:51 [restartedMain:17436:org.mybatis.spring.mapper.ClassPathMapperScanner:239] - Skipping MapperFactoryBean with name 'userMapper' and 'com.unifs.behavioranalysis.dao.UserMapper' mapperInterface. Bean already defined with the same name!
[WARN ] 2019-06-17 15:18:51 [restartedMain:17436:org.mybatis.spring.mapper.ClassPathMapperScanner:166] - No MyBatis mapper was found in '[com.unifs.behavioranalysis.dao]' package. Please check your configuration.
[WARN ] 2019-06-17 15:19:07 [restartedMain:33471:org.mybatis.spring.mapper.ClassPathMapperScanner:239] - Skipping MapperFactoryBean with name 'areaInfoMapper' and 'com.unifs.behavioranalysis.dao.AreaInfoMapper' mapperInterface. Bean already defined with the same name!
[WARN ] 2019-06-17 15:19:07 [restartedMain:33472:org.mybatis.spring.mapper.ClassPathMapperScanner:239] - Skipping MapperFactoryBean with name 'channelInfoMapper' and 'com.unifs.behavioranalysis.dao.ChannelInfoMapper' mapperInterface. Bean already defined with the same name!
[WARN ] 2019-06-17 15:19:07 [restartedMain:33472:org.mybatis.spring.mapper.ClassPathMapperScanner:239] - Skipping MapperFactoryBean with name 'productInfoMapper' and 'com.unifs.behavioranalysis.dao.ProductInfoMapper' mapperInterface. Bean already defined with the same name!
[WARN ] 2019-06-17 15:19:07 [restartedMain:33472:org.mybatis.spring.mapper.ClassPathMapperScanner:239] - Skipping MapperFactoryBean with name 'productOrderMapper' and 'com.unifs.behavioranalysis.dao.ProductOrderMapper' mapperInterface. Bean already defined with the same name!
[WARN ] 2019-06-17 15:19:07 [restartedMain:33472:org.mybatis.spring.mapper.ClassPathMapperScanner:239] - Skipping MapperFactoryBean with name 'userMapper' and 'com.unifs.behavioranalysis.dao.UserMapper' mapperInterface. Bean already defined with the same name!
[WARN ] 2019-06-17 15:19:07 [restartedMain:33473:org.mybatis.spring.mapper.ClassPathMapperScanner:166] - No MyBatis mapper was found in '[com.unifs.behavioranalysis.dao]' package. Please check your configuration.
[WARN ] 2019-06-17 15:20:31 [restartedMain:2718:org.mybatis.spring.mapper.ClassPathMapperScanner:239] - Skipping MapperFactoryBean with name 'areaInfoMapper' and 'com.unifs.behavioranalysis.dao.AreaInfoMapper' mapperInterface. Bean already defined with the same name!
[WARN ] 2019-06-17 15:20:31 [restartedMain:2719:org.mybatis.spring.mapper.ClassPathMapperScanner:239] - Skipping MapperFactoryBean with name 'channelInfoMapper' and 'com.unifs.behavioranalysis.dao.ChannelInfoMapper' mapperInterface. Bean already defined with the same name!
[WARN ] 2019-06-17 15:20:31 [restartedMain:2719:org.mybatis.spring.mapper.ClassPathMapperScanner:239] - Skipping MapperFactoryBean with name 'productInfoMapper' and 'com.unifs.behavioranalysis.dao.ProductInfoMapper' mapperInterface. Bean already defined with the same name!
[WARN ] 2019-06-17 15:20:31 [restartedMain:2719:org.mybatis.spring.mapper.ClassPathMapperScanner:239] - Skipping MapperFactoryBean with name 'productOrderMapper' and 'com.unifs.behavioranalysis.dao.ProductOrderMapper' mapperInterface. Bean already defined with the same name!
[WARN ] 2019-06-17 15:20:31 [restartedMain:2719:org.mybatis.spring.mapper.ClassPathMapperScanner:239] - Skipping MapperFactoryBean with name 'userMapper' and 'com.unifs.behavioranalysis.dao.UserMapper' mapperInterface. Bean already defined with the same name!
[WARN ] 2019-06-17 15:20:31 [restartedMain:2719:org.mybatis.spring.mapper.ClassPathMapperScanner:166] - No MyBatis mapper was found in '[com.unifs.behavioranalysis.dao]' package. Please check your configuration.
[WARN ] 2019-06-17 15:22:03 [restartedMain:94021:org.mybatis.spring.mapper.ClassPathMapperScanner:239] - Skipping MapperFactoryBean with name 'areaInfoMapper' and 'com.unifs.behavioranalysis.dao.AreaInfoMapper' mapperInterface. Bean already defined with the same name!
[WARN ] 2019-06-17 15:22:03 [restartedMain:94022:org.mybatis.spring.mapper.ClassPathMapperScanner:239] - Skipping MapperFactoryBean with name 'channelInfoMapper' and 'com.unifs.behavioranalysis.dao.ChannelInfoMapper' mapperInterface. Bean already defined with the same name!
[WARN ] 2019-06-17 15:22:03 [restartedMain:94023:org.mybatis.spring.mapper.ClassPathMapperScanner:239] - Skipping MapperFactoryBean with name 'productInfoMapper' and 'com.unifs.behavioranalysis.dao.ProductInfoMapper' mapperInterface. Bean already defined with the same name!
[WARN ] 2019-06-17 15:22:03 [restartedMain:94023:org.mybatis.spring.mapper.ClassPathMapperScanner:239] - Skipping MapperFactoryBean with name 'productOrderMapper' and 'com.unifs.behavioranalysis.dao.ProductOrderMapper' mapperInterface. Bean already defined with the same name!
[WARN ] 2019-06-17 15:22:03 [restartedMain:94023:org.mybatis.spring.mapper.ClassPathMapperScanner:239] - Skipping MapperFactoryBean with name 'userMapper' and 'com.unifs.behavioranalysis.dao.UserMapper' mapperInterface. Bean already defined with the same name!
[WARN ] 2019-06-17 15:22:03 [restartedMain:94023:org.mybatis.spring.mapper.ClassPathMapperScanner:166] - No MyBatis mapper was found in '[com.unifs.behavioranalysis.dao]' package. Please check your configuration.
[WARN ] 2019-06-17 15:22:04 [restartedMain:95420:org.springframework.boot.web.servlet.context.AnnotationConfigServletWebServerApplicationContext:557] - Exception encountered during context initialization - cancelling refresh attempt: org.springframework.beans.factory.UnsatisfiedDependencyException: Error creating bean with name 'webConfig': Unsatisfied dependency expressed through field 'loginInterceptor'; nested exception is org.springframework.beans.factory.NoSuchBeanDefinitionException: No qualifying bean of type 'com.unifs.behavioranalysis.interceptor.LoginInterceptor' available: expected at least 1 bean which qualifies as autowire candidate. Dependency annotations: {@org.springframework.beans.factory.annotation.Autowired(required=true)}
[WARN ] 2019-06-17 15:22:27 [restartedMain:2421:org.mybatis.spring.mapper.ClassPathMapperScanner:239] - Skipping MapperFactoryBean with name 'areaInfoMapper' and 'com.unifs.behavioranalysis.dao.AreaInfoMapper' mapperInterface. Bean already defined with the same name!
[WARN ] 2019-06-17 15:22:27 [restartedMain:2422:org.mybatis.spring.mapper.ClassPathMapperScanner:239] - Skipping MapperFactoryBean with name 'channelInfoMapper' and 'com.unifs.behavioranalysis.dao.ChannelInfoMapper' mapperInterface. Bean already defined with the same name!
[WARN ] 2019-06-17 15:22:27 [restartedMain:2422:org.mybatis.spring.mapper.ClassPathMapperScanner:239] - Skipping MapperFactoryBean with name 'productInfoMapper' and 'com.unifs.behavioranalysis.dao.ProductInfoMapper' mapperInterface. Bean already defined with the same name!
[WARN ] 2019-06-17 15:22:27 [restartedMain:2423:org.mybatis.spring.mapper.ClassPathMapperScanner:239] - Skipping MapperFactoryBean with name 'productOrderMapper' and 'com.unifs.behavioranalysis.dao.ProductOrderMapper' mapperInterface. Bean already defined with the same name!
[WARN ] 2019-06-17 15:22:27 [restartedMain:2423:org.mybatis.spring.mapper.ClassPathMapperScanner:239] - Skipping MapperFactoryBean with name 'userMapper' and 'com.unifs.behavioranalysis.dao.UserMapper' mapperInterface. Bean already defined with the same name!
[WARN ] 2019-06-17 15:22:27 [restartedMain:2423:org.mybatis.spring.mapper.ClassPathMapperScanner:166] - No MyBatis mapper was found in '[com.unifs.behavioranalysis.dao]' package. Please check your configuration.
[WARN ] 2019-06-17 15:23:14 [restartedMain:3223:org.mybatis.spring.mapper.ClassPathMapperScanner:239] - Skipping MapperFactoryBean with name 'areaInfoMapper' and 'com.unifs.behavioranalysis.dao.AreaInfoMapper' mapperInterface. Bean already defined with the same name!
[WARN ] 2019-06-17 15:23:14 [restartedMain:3224:org.mybatis.spring.mapper.ClassPathMapperScanner:239] - Skipping MapperFactoryBean with name 'channelInfoMapper' and 'com.unifs.behavioranalysis.dao.ChannelInfoMapper' mapperInterface. Bean already defined with the same name!
[WARN ] 2019-06-17 15:23:14 [restartedMain:3224:org.mybatis.spring.mapper.ClassPathMapperScanner:239] - Skipping MapperFactoryBean with name 'productInfoMapper' and 'com.unifs.behavioranalysis.dao.ProductInfoMapper' mapperInterface. Bean already defined with the same name!
[WARN ] 2019-06-17 15:23:14 [restartedMain:3225:org.mybatis.spring.mapper.ClassPathMapperScanner:239] - Skipping MapperFactoryBean with name 'productOrderMapper' and 'com.unifs.behavioranalysis.dao.ProductOrderMapper' mapperInterface. Bean already defined with the same name!
[WARN ] 2019-06-17 15:23:14 [restartedMain:3225:org.mybatis.spring.mapper.ClassPathMapperScanner:239] - Skipping MapperFactoryBean with name 'userMapper' and 'com.unifs.behavioranalysis.dao.UserMapper' mapperInterface. Bean already defined with the same name!
[WARN ] 2019-06-17 15:23:14 [restartedMain:3225:org.mybatis.spring.mapper.ClassPathMapperScanner:166] - No MyBatis mapper was found in '[com.unifs.behavioranalysis.dao]' package. Please check your configuration.
[WARN ] 2019-06-17 15:25:03 [restartedMain:112334:org.mybatis.spring.mapper.ClassPathMapperScanner:239] - Skipping MapperFactoryBean with name 'areaInfoMapper' and 'com.unifs.behavioranalysis.dao.AreaInfoMapper' mapperInterface. Bean already defined with the same name!
[WARN ] 2019-06-17 15:25:03 [restartedMain:112334:org.mybatis.spring.mapper.ClassPathMapperScanner:239] - Skipping MapperFactoryBean with name 'channelInfoMapper' and 'com.unifs.behavioranalysis.dao.ChannelInfoMapper' mapperInterface. Bean already defined with the same name!
[WARN ] 2019-06-17 15:25:03 [restartedMain:112335:org.mybatis.spring.mapper.ClassPathMapperScanner:239] - Skipping MapperFactoryBean with name 'productInfoMapper' and 'com.unifs.behavioranalysis.dao.ProductInfoMapper' mapperInterface. Bean already defined with the same name!
[WARN ] 2019-06-17 15:25:03 [restartedMain:112335:org.mybatis.spring.mapper.ClassPathMapperScanner:239] - Skipping MapperFactoryBean with name 'productOrderMapper' and 'com.unifs.behavioranalysis.dao.ProductOrderMapper' mapperInterface. Bean already defined with the same name!
[WARN ] 2019-06-17 15:25:03 [restartedMain:112335:org.mybatis.spring.mapper.ClassPathMapperScanner:239] - Skipping MapperFactoryBean with name 'userMapper' and 'com.unifs.behavioranalysis.dao.UserMapper' mapperInterface. Bean already defined with the same name!
[WARN ] 2019-06-17 15:25:03 [restartedMain:112335:org.mybatis.spring.mapper.ClassPathMapperScanner:166] - No MyBatis mapper was found in '[com.unifs.behavioranalysis.dao]' package. Please check your configuration.
[WARN ] 2019-06-17 15:25:12 [restartedMain:121211:org.mybatis.spring.mapper.ClassPathMapperScanner:239] - Skipping MapperFactoryBean with name 'areaInfoMapper' and 'com.unifs.behavioranalysis.dao.AreaInfoMapper' mapperInterface. Bean already defined with the same name!
[WARN ] 2019-06-17 15:25:12 [restartedMain:121211:org.mybatis.spring.mapper.ClassPathMapperScanner:239] - Skipping MapperFactoryBean with name 'channelInfoMapper' and 'com.unifs.behavioranalysis.dao.ChannelInfoMapper' mapperInterface. Bean already defined with the same name!
[WARN ] 2019-06-17 15:25:12 [restartedMain:121211:org.mybatis.spring.mapper.ClassPathMapperScanner:239] - Skipping MapperFactoryBean with name 'productInfoMapper' and 'com.unifs.behavioranalysis.dao.ProductInfoMapper' mapperInterface. Bean already defined with the same name!
[WARN ] 2019-06-17 15:25:12 [restartedMain:121212:org.mybatis.spring.mapper.ClassPathMapperScanner:239] - Skipping MapperFactoryBean with name 'productOrderMapper' and 'com.unifs.behavioranalysis.dao.ProductOrderMapper' mapperInterface. Bean already defined with the same name!
[WARN ] 2019-06-17 15:25:12 [restartedMain:121212:org.mybatis.spring.mapper.ClassPathMapperScanner:239] - Skipping MapperFactoryBean with name 'userMapper' and 'com.unifs.behavioranalysis.dao.UserMapper' mapperInterface. Bean already defined with the same name!
[WARN ] 2019-06-17 15:25:12 [restartedMain:121212:org.mybatis.spring.mapper.ClassPathMapperScanner:166] - No MyBatis mapper was found in '[com.unifs.behavioranalysis.dao]' package. Please check your configuration.
[WARN ] 2019-06-17 15:25:20 [restartedMain:129066:org.mybatis.spring.mapper.ClassPathMapperScanner:239] - Skipping MapperFactoryBean with name 'areaInfoMapper' and 'com.unifs.behavioranalysis.dao.AreaInfoMapper' mapperInterface. Bean already defined with the same name!
[WARN ] 2019-06-17 15:25:20 [restartedMain:129066:org.mybatis.spring.mapper.ClassPathMapperScanner:239] - Skipping MapperFactoryBean with name 'channelInfoMapper' and 'com.unifs.behavioranalysis.dao.ChannelInfoMapper' mapperInterface. Bean already defined with the same name!
[WARN ] 2019-06-17 15:25:20 [restartedMain:129067:org.mybatis.spring.mapper.ClassPathMapperScanner:239] - Skipping MapperFactoryBean with name 'productInfoMapper' and 'com.unifs.behavioranalysis.dao.ProductInfoMapper' mapperInterface. Bean already defined with the same name!
[WARN ] 2019-06-17 15:25:20 [restartedMain:129067:org.mybatis.spring.mapper.ClassPathMapperScanner:239] - Skipping MapperFactoryBean with name 'productOrderMapper' and 'com.unifs.behavioranalysis.dao.ProductOrderMapper' mapperInterface. Bean already defined with the same name!
[WARN ] 2019-06-17 15:25:20 [restartedMain:129067:org.mybatis.spring.mapper.ClassPathMapperScanner:239] - Skipping MapperFactoryBean with name 'userMapper' and 'com.unifs.behavioranalysis.dao.UserMapper' mapperInterface. Bean already defined with the same name!
[WARN ] 2019-06-17 15:25:20 [restartedMain:129067:org.mybatis.spring.mapper.ClassPathMapperScanner:166] - No MyBatis mapper was found in '[com.unifs.behavioranalysis.dao]' package. Please check your configuration.
[WARN ] 2019-06-17 15:25:37 [restartedMain:145403:org.mybatis.spring.mapper.ClassPathMapperScanner:239] - Skipping MapperFactoryBean with name 'areaInfoMapper' and 'com.unifs.behavioranalysis.dao.AreaInfoMapper' mapperInterface. Bean already defined with the same name!
[WARN ] 2019-06-17 15:25:37 [restartedMain:145404:org.mybatis.spring.mapper.ClassPathMapperScanner:239] - Skipping MapperFactoryBean with name 'channelInfoMapper' and 'com.unifs.behavioranalysis.dao.ChannelInfoMapper' mapperInterface. Bean already defined with the same name!
[WARN ] 2019-06-17 15:25:37 [restartedMain:145404:org.mybatis.spring.mapper.ClassPathMapperScanner:239] - Skipping MapperFactoryBean with name 'productInfoMapper' and 'com.unifs.behavioranalysis.dao.ProductInfoMapper' mapperInterface. Bean already defined with the same name!
[WARN ] 2019-06-17 15:25:37 [restartedMain:145404:org.mybatis.spring.mapper.ClassPathMapperScanner:239] - Skipping MapperFactoryBean with name 'productOrderMapper' and 'com.unifs.behavioranalysis.dao.ProductOrderMapper' mapperInterface. Bean already defined with the same name!
[WARN ] 2019-06-17 15:25:37 [restartedMain:145404:org.mybatis.spring.mapper.ClassPathMapperScanner:239] - Skipping MapperFactoryBean with name 'userMapper' and 'com.unifs.behavioranalysis.dao.UserMapper' mapperInterface. Bean already defined with the same name!
[WARN ] 2019-06-17 15:25:37 [restartedMain:145404:org.mybatis.spring.mapper.ClassPathMapperScanner:166] - No MyBatis mapper was found in '[com.unifs.behavioranalysis.dao]' package. Please check your configuration.
[WARN ] 2019-06-17 15:25:44 [restartedMain:153089:org.mybatis.spring.mapper.ClassPathMapperScanner:239] - Skipping MapperFactoryBean with name 'areaInfoMapper' and 'com.unifs.behavioranalysis.dao.AreaInfoMapper' mapperInterface. Bean already defined with the same name!
[WARN ] 2019-06-17 15:25:44 [restartedMain:153089:org.mybatis.spring.mapper.ClassPathMapperScanner:239] - Skipping MapperFactoryBean with name 'channelInfoMapper' and 'com.unifs.behavioranalysis.dao.ChannelInfoMapper' mapperInterface. Bean already defined with the same name!
[WARN ] 2019-06-17 15:25:44 [restartedMain:153090:org.mybatis.spring.mapper.ClassPathMapperScanner:239] - Skipping MapperFactoryBean with name 'productInfoMapper' and 'com.unifs.behavioranalysis.dao.ProductInfoMapper' mapperInterface. Bean already defined with the same name!
[WARN ] 2019-06-17 15:25:44 [restartedMain:153090:org.mybatis.spring.mapper.ClassPathMapperScanner:239] - Skipping MapperFactoryBean with name 'productOrderMapper' and 'com.unifs.behavioranalysis.dao.ProductOrderMapper' mapperInterface. Bean already defined with the same name!
[WARN ] 2019-06-17 15:25:44 [restartedMain:153090:org.mybatis.spring.mapper.ClassPathMapperScanner:239] - Skipping MapperFactoryBean with name 'userMapper' and 'com.unifs.behavioranalysis.dao.UserMapper' mapperInterface. Bean already defined with the same name!
[WARN ] 2019-06-17 15:25:44 [restartedMain:153090:org.mybatis.spring.mapper.ClassPathMapperScanner:166] - No MyBatis mapper was found in '[com.unifs.behavioranalysis.dao]' package. Please check your configuration.
[WARN ] 2019-06-17 15:25:51 [restartedMain:159869:org.mybatis.spring.mapper.ClassPathMapperScanner:239] - Skipping MapperFactoryBean with name 'areaInfoMapper' and 'com.unifs.behavioranalysis.dao.AreaInfoMapper' mapperInterface. Bean already defined with the same name!
[WARN ] 2019-06-17 15:25:51 [restartedMain:159870:org.mybatis.spring.mapper.ClassPathMapperScanner:239] - Skipping MapperFactoryBean with name 'channelInfoMapper' and 'com.unifs.behavioranalysis.dao.ChannelInfoMapper' mapperInterface. Bean already defined with the same name!
[WARN ] 2019-06-17 15:25:51 [restartedMain:159890:org.mybatis.spring.mapper.ClassPathMapperScanner:239] - Skipping MapperFactoryBean with name 'productInfoMapper' and 'com.unifs.behavioranalysis.dao.ProductInfoMapper' mapperInterface. Bean already defined with the same name!
[WARN ] 2019-06-17 15:25:51 [restartedMain:159891:org.mybatis.spring.mapper.ClassPathMapperScanner:239] - Skipping MapperFactoryBean with name 'productOrderMapper' and 'com.unifs.behavioranalysis.dao.ProductOrderMapper' mapperInterface. Bean already defined with the same name!
[WARN ] 2019-06-17 15:25:51 [restartedMain:159891:org.mybatis.spring.mapper.ClassPathMapperScanner:239] - Skipping MapperFactoryBean with name 'userMapper' and 'com.unifs.behavioranalysis.dao.UserMapper' mapperInterface. Bean already defined with the same name!
[WARN ] 2019-06-17 15:25:51 [restartedMain:159891:org.mybatis.spring.mapper.ClassPathMapperScanner:166] - No MyBatis mapper was found in '[com.unifs.behavioranalysis.dao]' package. Please check your configuration.
[WARN ] 2019-06-17 15:28:10 [restartedMain:2263:org.mybatis.spring.mapper.ClassPathMapperScanner:239] - Skipping MapperFactoryBean with name 'areaInfoMapper' and 'com.unifs.behavioranalysis.dao.AreaInfoMapper' mapperInterface. Bean already defined with the same name!
[WARN ] 2019-06-17 15:28:10 [restartedMain:2264:org.mybatis.spring.mapper.ClassPathMapperScanner:239] - Skipping MapperFactoryBean with name 'channelInfoMapper' and 'com.unifs.behavioranalysis.dao.ChannelInfoMapper' mapperInterface. Bean already defined with the same name!
[WARN ] 2019-06-17 15:28:10 [restartedMain:2264:org.mybatis.spring.mapper.ClassPathMapperScanner:239] - Skipping MapperFactoryBean with name 'productInfoMapper' and 'com.unifs.behavioranalysis.dao.ProductInfoMapper' mapperInterface. Bean already defined with the same name!
[WARN ] 2019-06-17 15:28:10 [restartedMain:2264:org.mybatis.spring.mapper.ClassPathMapperScanner:239] - Skipping MapperFactoryBean with name 'productOrderMapper' and 'com.unifs.behavioranalysis.dao.ProductOrderMapper' mapperInterface. Bean already defined with the same name!
[WARN ] 2019-06-17 15:28:10 [restartedMain:2264:org.mybatis.spring.mapper.ClassPathMapperScanner:239] - Skipping MapperFactoryBean with name 'userMapper' and 'com.unifs.behavioranalysis.dao.UserMapper' mapperInterface. Bean already defined with the same name!
[WARN ] 2019-06-17 15:28:10 [restartedMain:2265:org.mybatis.spring.mapper.ClassPathMapperScanner:166] - No MyBatis mapper was found in '[com.unifs.behavioranalysis.dao]' package. Please check your configuration.
[WARN ] 2019-06-17 15:28:48 [restartedMain:3243:org.mybatis.spring.mapper.ClassPathMapperScanner:239] - Skipping MapperFactoryBean with name 'areaInfoMapper' and 'com.unifs.behavioranalysis.dao.AreaInfoMapper' mapperInterface. Bean already defined with the same name!
[WARN ] 2019-06-17 15:28:48 [restartedMain:3244:org.mybatis.spring.mapper.ClassPathMapperScanner:239] - Skipping MapperFactoryBean with name 'channelInfoMapper' and 'com.unifs.behavioranalysis.dao.ChannelInfoMapper' mapperInterface. Bean already defined with the same name!
[WARN ] 2019-06-17 15:28:48 [restartedMain:3244:org.mybatis.spring.mapper.ClassPathMapperScanner:239] - Skipping MapperFactoryBean with name 'productInfoMapper' and 'com.unifs.behavioranalysis.dao.ProductInfoMapper' mapperInterface. Bean already defined with the same name!
[WARN ] 2019-06-17 15:28:48 [restartedMain:3244:org.mybatis.spring.mapper.ClassPathMapperScanner:239] - Skipping MapperFactoryBean with name 'productOrderMapper' and 'com.unifs.behavioranalysis.dao.ProductOrderMapper' mapperInterface. Bean already defined with the same name!
[WARN ] 2019-06-17 15:28:48 [restartedMain:3244:org.mybatis.spring.mapper.ClassPathMapperScanner:239] - Skipping MapperFactoryBean with name 'userMapper' and 'com.unifs.behavioranalysis.dao.UserMapper' mapperInterface. Bean already defined with the same name!
[WARN ] 2019-06-17 15:28:48 [restartedMain:3244:org.mybatis.spring.mapper.ClassPathMapperScanner:166] - No MyBatis mapper was found in '[com.unifs.behavioranalysis.dao]' package. Please check your configuration.
[WARN ] 2019-06-17 15:29:54 [restartedMain:2200:org.mybatis.spring.mapper.ClassPathMapperScanner:239] - Skipping MapperFactoryBean with name 'areaInfoMapper' and 'com.unifs.behavioranalysis.dao.AreaInfoMapper' mapperInterface. Bean already defined with the same name!
[WARN ] 2019-06-17 15:29:54 [restartedMain:2201:org.mybatis.spring.mapper.ClassPathMapperScanner:239] - Skipping MapperFactoryBean with name 'channelInfoMapper' and 'com.unifs.behavioranalysis.dao.ChannelInfoMapper' mapperInterface. Bean already defined with the same name!
[WARN ] 2019-06-17 15:29:54 [restartedMain:2201:org.mybatis.spring.mapper.ClassPathMapperScanner:239] - Skipping MapperFactoryBean with name 'productInfoMapper' and 'com.unifs.behavioranalysis.dao.ProductInfoMapper' mapperInterface. Bean already defined with the same name!
[WARN ] 2019-06-17 15:29:54 [restartedMain:2201:org.mybatis.spring.mapper.ClassPathMapperScanner:239] - Skipping MapperFactoryBean with name 'productOrderMapper' and 'com.unifs.behavioranalysis.dao.ProductOrderMapper' mapperInterface. Bean already defined with the same name!
[WARN ] 2019-06-17 15:29:54 [restartedMain:2202:org.mybatis.spring.mapper.ClassPathMapperScanner:239] - Skipping MapperFactoryBean with name 'userMapper' and 'com.unifs.behavioranalysis.dao.UserMapper' mapperInterface. Bean already defined with the same name!
[WARN ] 2019-06-17 15:29:54 [restartedMain:2202:org.mybatis.spring.mapper.ClassPathMapperScanner:166] - No MyBatis mapper was found in '[com.unifs.behavioranalysis.dao]' package. Please check your configuration.
[WARN ] 2019-06-17 15:31:50 [restartedMain:118238:org.mybatis.spring.mapper.ClassPathMapperScanner:239] - Skipping MapperFactoryBean with name 'areaInfoMapper' and 'com.unifs.behavioranalysis.dao.AreaInfoMapper' mapperInterface. Bean already defined with the same name!
[WARN ] 2019-06-17 15:31:50 [restartedMain:118239:org.mybatis.spring.mapper.ClassPathMapperScanner:239] - Skipping MapperFactoryBean with name 'channelInfoMapper' and 'com.unifs.behavioranalysis.dao.ChannelInfoMapper' mapperInterface. Bean already defined with the same name!
[WARN ] 2019-06-17 15:31:50 [restartedMain:118239:org.mybatis.spring.mapper.ClassPathMapperScanner:239] - Skipping MapperFactoryBean with name 'productInfoMapper' and 'com.unifs.behavioranalysis.dao.ProductInfoMapper' mapperInterface. Bean already defined with the same name!
[WARN ] 2019-06-17 15:31:50 [restartedMain:118239:org.mybatis.spring.mapper.ClassPathMapperScanner:239] - Skipping MapperFactoryBean with name 'productOrderMapper' and 'com.unifs.behavioranalysis.dao.ProductOrderMapper' mapperInterface. Bean already defined with the same name!
[WARN ] 2019-06-17 15:31:50 [restartedMain:118239:org.mybatis.spring.mapper.ClassPathMapperScanner:239] - Skipping MapperFactoryBean with name 'userMapper' and 'com.unifs.behavioranalysis.dao.UserMapper' mapperInterface. Bean already defined with the same name!
[WARN ] 2019-06-17 15:31:50 [restartedMain:118239:org.mybatis.spring.mapper.ClassPathMapperScanner:166] - No MyBatis mapper was found in '[com.unifs.behavioranalysis.dao]' package. Please check your configuration.
[WARN ] 2019-06-17 15:32:31 [restartedMain:160057:org.mybatis.spring.mapper.ClassPathMapperScanner:239] - Skipping MapperFactoryBean with name 'areaInfoMapper' and 'com.unifs.behavioranalysis.dao.AreaInfoMapper' mapperInterface. Bean already defined with the same name!
[WARN ] 2019-06-17 15:32:31 [restartedMain:160057:org.mybatis.spring.mapper.ClassPathMapperScanner:239] - Skipping MapperFactoryBean with name 'channelInfoMapper' and 'com.unifs.behavioranalysis.dao.ChannelInfoMapper' mapperInterface. Bean already defined with the same name!
[WARN ] 2019-06-17 15:32:31 [restartedMain:160057:org.mybatis.spring.mapper.ClassPathMapperScanner:239] - Skipping MapperFactoryBean with name 'productInfoMapper' and 'com.unifs.behavioranalysis.dao.ProductInfoMapper' mapperInterface. Bean already defined with the same name!
[WARN ] 2019-06-17 15:32:31 [restartedMain:160057:org.mybatis.spring.mapper.ClassPathMapperScanner:239] - Skipping MapperFactoryBean with name 'productOrderMapper' and 'com.unifs.behavioranalysis.dao.ProductOrderMapper' mapperInterface. Bean already defined with the same name!
[WARN ] 2019-06-17 15:32:31 [restartedMain:160057:org.mybatis.spring.mapper.ClassPathMapperScanner:239] - Skipping MapperFactoryBean with name 'userMapper' and 'com.unifs.behavioranalysis.dao.UserMapper' mapperInterface. Bean already defined with the same name!
[WARN ] 2019-06-17 15:32:31 [restartedMain:160057:org.mybatis.spring.mapper.ClassPathMapperScanner:166] - No MyBatis mapper was found in '[com.unifs.behavioranalysis.dao]' package. Please check your configuration.
[WARN ] 2019-06-17 15:36:12 [restartedMain:380366:org.mybatis.spring.mapper.ClassPathMapperScanner:239] - Skipping MapperFactoryBean with name 'areaInfoMapper' and 'com.unifs.behavioranalysis.dao.AreaInfoMapper' mapperInterface. Bean already defined with the same name!
[WARN ] 2019-06-17 15:36:12 [restartedMain:380367:org.mybatis.spring.mapper.ClassPathMapperScanner:239] - Skipping MapperFactoryBean with name 'channelInfoMapper' and 'com.unifs.behavioranalysis.dao.ChannelInfoMapper' mapperInterface. Bean already defined with the same name!
[WARN ] 2019-06-17 15:36:12 [restartedMain:380367:org.mybatis.spring.mapper.ClassPathMapperScanner:239] - Skipping MapperFactoryBean with name 'productInfoMapper' and 'com.unifs.behavioranalysis.dao.ProductInfoMapper' mapperInterface. Bean already defined with the same name!
[WARN ] 2019-06-17 15:36:12 [restartedMain:380367:org.mybatis.spring.mapper.ClassPathMapperScanner:239] - Skipping MapperFactoryBean with name 'productOrderMapper' and 'com.unifs.behavioranalysis.dao.ProductOrderMapper' mapperInterface. Bean already defined with the same name!
[WARN ] 2019-06-17 15:36:12 [restartedMain:380367:org.mybatis.spring.mapper.ClassPathMapperScanner:239] - Skipping MapperFactoryBean with name 'userMapper' and 'com.unifs.behavioranalysis.dao.UserMapper' mapperInterface. Bean already defined with the same name!
[WARN ] 2019-06-17 15:36:12 [restartedMain:380367:org.mybatis.spring.mapper.ClassPathMapperScanner:166] - No MyBatis mapper was found in '[com.unifs.behavioranalysis.dao]' package. Please check your configuration.
[WARN ] 2019-06-17 15:36:12 [restartedMain:380911:org.springframework.boot.web.servlet.context.AnnotationConfigServletWebServerApplicationContext:557] - Exception encountered during context initialization - cancelling refresh attempt: org.springframework.beans.factory.UnsatisfiedDependencyException: Error creating bean with name 'testController': Unsatisfied dependency expressed through field 'testService'; nested exception is org.springframework.beans.factory.NoSuchBeanDefinitionException: No qualifying bean of type 'com.unifs.behavioranalysis.service.TestService' available: expected at least 1 bean which qualifies as autowire candidate. Dependency annotations: {@org.springframework.beans.factory.annotation.Autowired(required=true)}
[WARN ] 2019-06-17 15:36:15 [restartedMain:383265:org.mybatis.spring.mapper.ClassPathMapperScanner:239] - Skipping MapperFactoryBean with name 'areaInfoMapper' and 'com.unifs.behavioranalysis.dao.AreaInfoMapper' mapperInterface. Bean already defined with the same name!
[WARN ] 2019-06-17 15:36:15 [restartedMain:383267:org.mybatis.spring.mapper.ClassPathMapperScanner:239] - Skipping MapperFactoryBean with name 'channelInfoMapper' and 'com.unifs.behavioranalysis.dao.ChannelInfoMapper' mapperInterface. Bean already defined with the same name!
[WARN ] 2019-06-17 15:36:15 [restartedMain:383267:org.mybatis.spring.mapper.ClassPathMapperScanner:239] - Skipping MapperFactoryBean with name 'productInfoMapper' and 'com.unifs.behavioranalysis.dao.ProductInfoMapper' mapperInterface. Bean already defined with the same name!
[WARN ] 2019-06-17 15:36:15 [restartedMain:383267:org.mybatis.spring.mapper.ClassPathMapperScanner:239] - Skipping MapperFactoryBean with name 'productOrderMapper' and 'com.unifs.behavioranalysis.dao.ProductOrderMapper' mapperInterface. Bean already defined with the same name!
[WARN ] 2019-06-17 15:36:15 [restartedMain:383267:org.mybatis.spring.mapper.ClassPathMapperScanner:239] - Skipping MapperFactoryBean with name 'userMapper' and 'com.unifs.behavioranalysis.dao.UserMapper' mapperInterface. Bean already defined with the same name!
[WARN ] 2019-06-17 15:36:15 [restartedMain:383268:org.mybatis.spring.mapper.ClassPathMapperScanner:166] - No MyBatis mapper was found in '[com.unifs.behavioranalysis.dao]' package. Please check your configuration.
[WARN ] 2019-06-17 15:36:41 [restartedMain:409451:org.mybatis.spring.mapper.ClassPathMapperScanner:239] - Skipping MapperFactoryBean with name 'areaInfoMapper' and 'com.unifs.behavioranalysis.dao.AreaInfoMapper' mapperInterface. Bean already defined with the same name!
[WARN ] 2019-06-17 15:36:41 [restartedMain:409452:org.mybatis.spring.mapper.ClassPathMapperScanner:239] - Skipping MapperFactoryBean with name 'channelInfoMapper' and 'com.unifs.behavioranalysis.dao.ChannelInfoMapper' mapperInterface. Bean already defined with the same name!
[WARN ] 2019-06-17 15:36:41 [restartedMain:409452:org.mybatis.spring.mapper.ClassPathMapperScanner:239] - Skipping MapperFactoryBean with name 'productInfoMapper' and 'com.unifs.behavioranalysis.dao.ProductInfoMapper' mapperInterface. Bean already defined with the same name!
[WARN ] 2019-06-17 15:36:41 [restartedMain:409452:org.mybatis.spring.mapper.ClassPathMapperScanner:239] - Skipping MapperFactoryBean with name 'productOrderMapper' and 'com.unifs.behavioranalysis.dao.ProductOrderMapper' mapperInterface. Bean already defined with the same name!
[WARN ] 2019-06-17 15:36:41 [restartedMain:409452:org.mybatis.spring.mapper.ClassPathMapperScanner:239] - Skipping MapperFactoryBean with name 'userMapper' and 'com.unifs.behavioranalysis.dao.UserMapper' mapperInterface. Bean already defined with the same name!
[WARN ] 2019-06-17 15:36:41 [restartedMain:409452:org.mybatis.spring.mapper.ClassPathMapperScanner:166] - No MyBatis mapper was found in '[com.unifs.behavioranalysis.dao]' package. Please check your configuration.
